This is pdfTeX, Version 3.1415926-2.3-1.40.12 (MiKTeX 2.9) (preloaded format=pdflatex 2022.6.23)  23 JUN 2022 21:05
entering extended mode
**refman
(C:\Users\Admin\Desktop\20220622\database-system\AIMDB\latex\refman.tex
LaTeX2e <2011/06/27>
Babel <v3.8m> and hyphenation patterns for loaded.
(D:\Softwares\CTEX\MiKTeX\tex\latex\base\book.cls
Document Class: book 2007/10/19 v1.4h Standard LaTeX document class
(D:\Softwares\CTEX\MiKTeX\tex\latex\base\bk10.clo
File: bk10.clo 2007/10/19 v1.4h Standard LaTeX file (size option)
)
\c@part=\count79
\c@chapter=\count80
\c@section=\count81
\c@subsection=\count82
\c@subsubsection=\count83
\c@paragraph=\count84
\c@subparagraph=\count85
\c@figure=\count86
\c@table=\count87
\abovecaptionskip=\skip41
\belowcaptionskip=\skip42
\bibindent=\dimen102
)
(D:\Softwares\CTEX\MiKTeX\tex\latex\base\ifthen.sty
Package: ifthen 2001/05/26 v1.1c Standard LaTeX ifthen package (DPC)
)
(D:\Softwares\CTEX\MiKTeX\tex\latex\tools\array.sty
Package: array 2008/09/09 v2.4c Tabular extension package (FMi)
\col@sep=\dimen103
\extrarowheight=\dimen104
\NC@list=\toks14
\extratabsurround=\skip43
\backup@length=\skip44
)
(D:\Softwares\CTEX\MiKTeX\tex\latex\base\fixltx2e.sty
Package: fixltx2e 2006/09/13 v1.1m fixes to LaTeX
LaTeX Info: Redefining \em on input line 420.
)
(C:\Users\Admin\Desktop\20220622\database-system\AIMDB\latex\doxygen.sty
Package: doxygen 

(D:\Softwares\CTEX\MiKTeX\tex\latex\base\alltt.sty
Package: alltt 1997/06/16 v2.0g defines alltt environment
)
(D:\Softwares\CTEX\MiKTeX\tex\latex\tools\calc.sty
Package: calc 2007/08/22 v4.3 Infix arithmetic (KKT,FJ)
\calc@Acount=\count88
\calc@Bcount=\count89
\calc@Adimen=\dimen105
\calc@Bdimen=\dimen106
\calc@Askip=\skip45
\calc@Bskip=\skip46
LaTeX Info: Redefining \setlength on input line 76.
LaTeX Info: Redefining \addtolength on input line 77.
\calc@Ccount=\count90
\calc@Cskip=\skip47
)
(D:\Softwares\CTEX\MiKTeX\tex\latex\float\float.sty
Package: float 2001/11/08 v1.3d Float enhancements (AL)
\c@float@type=\count91
\float@exts=\toks15
\float@box=\box26
\@float@everytoks=\toks16
\@floatcapt=\box27
)
(D:\Softwares\CTEX\MiKTeX\tex\latex\tools\verbatim.sty
Package: verbatim 2003/08/22 v1.5q LaTeX2e package for verbatim enhancements
\every@verbatim=\toks17
\verbatim@line=\toks18
\verbatim@in@stream=\read1
)
(D:\Softwares\CTEX\MiKTeX\tex\latex\xcolor\xcolor.sty
Package: xcolor 2007/01/21 v2.11 LaTeX color extensions (UK)

(D:\Softwares\CTEX\MiKTeX\tex\latex\00miktex\color.cfg
File: color.cfg 2007/01/18 v1.5 color configuration of teTeX/TeXLive
)
Package xcolor Info: Driver file: pdftex.def on input line 225.

(D:\Softwares\CTEX\MiKTeX\tex\latex\pdftex-def\pdftex.def
File: pdftex.def 2011/05/27 v0.06d Graphics/color for pdfTeX

(D:\Softwares\CTEX\MiKTeX\tex\generic\oberdiek\infwarerr.sty
Package: infwarerr 2010/04/08 v1.3 Providing info/warning/message (HO)
)
(D:\Softwares\CTEX\MiKTeX\tex\generic\oberdiek\ltxcmds.sty
Package: ltxcmds 2011/04/18 v1.20 LaTeX kernel commands for general use (HO)
)
\Gread@gobject=\count92
)
(D:\Softwares\CTEX\MiKTeX\tex\latex\colortbl\colortbl.sty
Package: colortbl 2001/02/13 v0.1j Color table columns (DPC)
\everycr=\toks19
\minrowclearance=\skip48
)
\rownum=\count93
Package xcolor Info: Model `cmy' substituted by `cmy0' on input line 1337.
Package xcolor Info: Model `hsb' substituted by `rgb' on input line 1341.
Package xcolor Info: Model `RGB' extended on input line 1353.
Package xcolor Info: Model `HTML' substituted by `rgb' on input line 1355.
Package xcolor Info: Model `Hsb' substituted by `hsb' on input line 1356.
Package xcolor Info: Model `tHsb' substituted by `hsb' on input line 1357.
Package xcolor Info: Model `HSB' substituted by `hsb' on input line 1358.
Package xcolor Info: Model `Gray' substituted by `gray' on input line 1359.
Package xcolor Info: Model `wave' substituted by `hsb' on input line 1360.
)
(C:\Users\Admin\Desktop\20220622\database-system\AIMDB\latex\longtable_doxygen.
sty
Package: longtable_doxygen 2014/10/28 v4.11 Multi-page Table package (DPC) - fr
ozen version for doxygen
\LTleft=\skip49
\LTright=\skip50
\LTpre=\skip51
\LTpost=\skip52
\LTchunksize=\count94
\LTcapwidth=\dimen107
\LT@head=\box28
\LT@firsthead=\box29
\LT@foot=\box30
\LT@lastfoot=\box31
\LT@cols=\count95
\LT@rows=\count96
\c@LT@tables=\count97
\c@LT@chunks=\count98
\LT@p@ftn=\toks20
)
(C:\Users\Admin\Desktop\20220622\database-system\AIMDB\latex\tabu_doxygen.sty
Package: tabu_doxygen 2011/02/26 v2.8 - flexible LaTeX tabulars (FC), frozen ve
rsion for doxygen

(D:\Softwares\CTEX\MiKTeX\tex\latex\ltxmisc\varwidth.sty
Package: varwidth 2009/03/30 ver 0.92;  Variable-width minipages
\@vwid@box=\box32
\sift@deathcycles=\count99
\@vwid@loff=\dimen108
\@vwid@roff=\dimen109
)
\c@taburow=\count100
\tabu@nbcols=\count101
\tabu@cnt=\count102
\tabu@Xcol=\count103
\tabu@alloc=\count104
\tabu@nested=\count105
\tabu@target=\dimen110
\tabu@spreadtarget=\dimen111
\tabu@naturalX=\dimen112
\tabucolX=\dimen113
\tabu@Xsum=\dimen114
\extrarowdepth=\dimen115
\abovetabulinesep=\dimen116
\belowtabulinesep=\dimen117
\tabustrutrule=\dimen118
\tabu@thebody=\toks21
\tabu@footnotes=\toks22
\tabu@box=\box33
\tabu@arstrutbox=\box34
\tabu@hleads=\box35
\tabu@vleads=\box36
\tabu@cellskip=\skip53
)
(D:\Softwares\CTEX\MiKTeX\tex\latex\fancyvrb\fancyvrb.sty
Package: fancyvrb 2008/02/07

Style option: `fancyvrb' v2.7a, with DG/SPQR fixes, and firstline=lastline fix 
<2008/02/07> (tvz) (D:\Softwares\CTEX\MiKTeX\tex\latex\graphics\keyval.sty
Package: keyval 1999/03/16 v1.13 key=value parser (DPC)
\KV@toks@=\toks23
)
\FV@CodeLineNo=\count106
\FV@InFile=\read2
\FV@TabBox=\box37
\c@FancyVerbLine=\count107
\FV@StepNumber=\count108
\FV@OutFile=\write3
)
(D:\Softwares\CTEX\MiKTeX\tex\latex\tools\tabularx.sty
Package: tabularx 1999/01/07 v2.07 `tabularx' package (DPC)
\TX@col@width=\dimen119
\TX@old@table=\dimen120
\TX@old@col=\dimen121
\TX@target=\dimen122
\TX@delta=\dimen123
\TX@cols=\count109
\TX@ftn=\toks24
)
(D:\Softwares\CTEX\MiKTeX\tex\latex\tools\multicol.sty
Package: multicol 2011/06/27 v1.7a multicolumn formatting (FMi)
\c@tracingmulticols=\count110
\mult@box=\box38
\multicol@leftmargin=\dimen124
\c@unbalance=\count111
\c@collectmore=\count112
\doublecol@number=\count113
\multicoltolerance=\count114
\multicolpretolerance=\count115
\full@width=\dimen125
\page@free=\dimen126
\premulticols=\dimen127
\postmulticols=\dimen128
\multicolsep=\skip54
\multicolbaselineskip=\skip55
\partial@page=\box39
\last@line=\box40
\mult@rightbox=\box41
\mult@grightbox=\box42
\mult@gfirstbox=\box43
\mult@firstbox=\box44
\@tempa=\box45
\@tempa=\box46
\@tempa=\box47
\@tempa=\box48
\@tempa=\box49
\@tempa=\box50
\@tempa=\box51
\@tempa=\box52
\@tempa=\box53
\@tempa=\box54
\@tempa=\box55
\@tempa=\box56
\@tempa=\box57
\@tempa=\box58
\@tempa=\box59
\@tempa=\box60
\@tempa=\box61
\c@columnbadness=\count116
\c@finalcolumnbadness=\count117
\last@try=\dimen129
\multicolovershoot=\dimen130
\multicolundershoot=\dimen131
\mult@nat@firstbox=\box62
\colbreak@box=\box63
\multicol@sort@counter=\count118
)
(D:\Softwares\CTEX\MiKTeX\tex\latex\multirow\multirow.sty
\bigstrutjot=\dimen132
)
(D:\Softwares\CTEX\MiKTeX\tex\latex\hanging\hanging.sty
Package: hanging 2009/09/02 v1.2b hanging paragraphs and punctuation
\h@ngcommawd=\skip56
\h@ngfstopwd=\skip57
\h@ngquotewd=\skip58
\h@ngdquotewd=\skip59
\h@ngquerywd=\skip60
\h@ngexclwd=\skip61
\h@ngcolonwd=\skip62
\h@ngscolonwd=\skip63
)
(D:\Softwares\CTEX\MiKTeX\tex\generic\oberdiek\ifpdf.sty
Package: ifpdf 2011/01/30 v2.3 Provides the ifpdf switch (HO)
Package ifpdf Info: pdfTeX in PDF mode is detected.
)
(D:\Softwares\CTEX\MiKTeX\tex\latex\adjustbox\adjustbox.sty
Package: adjustbox 2011/11/14 v0.8 Adjusting TeX boxes (trim, clip, ...)

(D:\Softwares\CTEX\MiKTeX\tex\latex\xkeyval\xkeyval.sty
Package: xkeyval 2008/08/13 v2.6a package option processing (HA)

(D:\Softwares\CTEX\MiKTeX\tex\generic\xkeyval\xkeyval.tex
\XKV@toks=\toks25
\XKV@tempa@toks=\toks26
\XKV@depth=\count119
File: xkeyval.tex 2008/08/13 v2.6a key=value parser (HA)
))
(D:\Softwares\CTEX\MiKTeX\tex\latex\adjustbox\adjcalc.sty)
(D:\Softwares\CTEX\MiKTeX\tex\latex\graphics\graphicx.sty
Package: graphicx 1999/02/16 v1.0f Enhanced LaTeX Graphics (DPC,SPQR)

(D:\Softwares\CTEX\MiKTeX\tex\latex\graphics\graphics.sty
Package: graphics 2009/02/05 v1.0o Standard LaTeX Graphics (DPC,SPQR)

(D:\Softwares\CTEX\MiKTeX\tex\latex\graphics\trig.sty
Package: trig 1999/03/16 v1.09 sin cos tan (DPC)
)
(D:\Softwares\CTEX\MiKTeX\tex\latex\00miktex\graphics.cfg
File: graphics.cfg 2007/01/18 v1.5 graphics configuration of teTeX/TeXLive
)
Package graphics Info: Driver file: pdftex.def on input line 91.
)
\Gin@req@height=\dimen133
\Gin@req@width=\dimen134
)
(D:\Softwares\CTEX\MiKTeX\tex\latex\collectbox\collectbox.sty
Package: collectbox 2011/08/23 v0.4 Collect macro arguments as boxes
\collectedbox=\box64
)
\adjbox@tllx=\dimen135
\adjbox@tlly=\dimen136
\adjbox@turx=\dimen137
\adjbox@tury=\dimen138
\adjbox@Width=\dimen139
\adjbox@Height=\dimen140
\adjbox@Depth=\dimen141
\adjbox@Totalheight=\dimen142
Package adjustbox Info: Using driver 'adjpdftex.def'. on input line 290.

(D:\Softwares\CTEX\MiKTeX\tex\latex\adjustbox\adjpdftex.def
File: adjpdftex.def 2011/11/14 v0.8 adjustbox clip driver for pdftex
))
(D:\Softwares\CTEX\MiKTeX\tex\latex\amsfonts\amssymb.sty
Package: amssymb 2009/06/22 v3.00

(D:\Softwares\CTEX\MiKTeX\tex\latex\amsfonts\amsfonts.sty
Package: amsfonts 2009/06/22 v3.00 Basic AMSFonts support
\@emptytoks=\toks27
\symAMSa=\mathgroup4
\symAMSb=\mathgroup5
LaTeX Font Info:    Overwriting math alphabet `\mathfrak' in version `bold'
(Font)                  U/euf/m/n --> U/euf/b/n on input line 96.
))

! LaTeX Error: File `stackengine.sty' not found.

Type X to quit or <RETURN> to proceed,
or enter new name. (Default extension: sty)

Enter file name: 
(D:\Softwares\CTEX\MiKTeX\tex\latex\enumitem\enumitem.sty
Package: enumitem 2011/09/28 v3.5.2 Customized lists
\labelindent=\skip64
\enit@outerparindent=\dimen143
\enit@toks=\toks28
\enit@inbox=\box65
\enitdp@description=\count120
)
(D:\Softwares\CTEX\MiKTeX\tex\generic\oberdiek\alphalph.sty
Package: alphalph 2010/04/18 v2.3 Converting numbers to letters (HO)

(D:\Softwares\CTEX\MiKTeX\tex\generic\oberdiek\intcalc.sty
Package: intcalc 2007/09/27 v1.1 Expandable integer calculations (HO)
))
(D:\Softwares\CTEX\MiKTeX\tex\latex\ulem\ulem.sty
\UL@box=\box66
\UL@hyphenbox=\box67
\UL@skip=\skip65
\UL@hook=\toks29
\UL@height=\dimen144
\UL@pe=\count121
\UL@pixel=\dimen145
\ULC@box=\box68
Package: ulem 2011/03/18
\ULdepth=\dimen146
)
\xrefbox=\box69
\xreflength=\skip66
\CodeWidthChar=\skip67
\CodeHeightChar=\skip68
\DoxyCodeWidth=\skip69
\c@DoxyEnumeratei=\count122
\c@DoxyEnumerateii=\count123
\c@DoxyEnumerateiii=\count124
\c@DoxyEnumerateiv=\count125
\c@DoxyEnumeratev=\count126
\c@DoxyEnumeratevi=\count127
\c@DoxyEnumeratevii=\count128
\c@DoxyEnumerateviii=\count129
\c@DoxyEnumerateix=\count130
\c@DoxyEnumeratex=\count131
\c@DoxyEnumeratexi=\count132
\c@DoxyEnumeratexii=\count133
\enitdp@DoxyEnumerate=\count134
\enitdp@DoxyItemize=\count135
)
(D:\Softwares\CTEX\MiKTeX\tex\latex\base\inputenc.sty
Package: inputenc 2008/03/30 v1.1d Input encoding file
\inpenc@prehook=\toks30
\inpenc@posthook=\toks31

(D:\Softwares\CTEX\MiKTeX\tex\latex\base\utf8.def
File: utf8.def 2008/04/05 v1.1m UTF-8 support for inputenc
Now handling font encoding OML ...
... no UTF-8 mapping file for font encoding OML
Now handling font encoding T1 ...
... processing UTF-8 mapping file for font encoding T1

(D:\Softwares\CTEX\MiKTeX\tex\latex\base\t1enc.dfu
File: t1enc.dfu 2008/04/05 v1.1m UTF-8 support for inputenc
   defining Unicode char U+00A1 (decimal 161)
   defining Unicode char U+00A3 (decimal 163)
   defining Unicode char U+00AB (decimal 171)
   defining Unicode char U+00BB (decimal 187)
   defining Unicode char U+00BF (decimal 191)
   defining Unicode char U+00C0 (decimal 192)
   defining Unicode char U+00C1 (decimal 193)
   defining Unicode char U+00C2 (decimal 194)
   defining Unicode char U+00C3 (decimal 195)
   defining Unicode char U+00C4 (decimal 196)
   defining Unicode char U+00C5 (decimal 197)
   defining Unicode char U+00C6 (decimal 198)
   defining Unicode char U+00C7 (decimal 199)
   defining Unicode char U+00C8 (decimal 200)
   defining Unicode char U+00C9 (decimal 201)
   defining Unicode char U+00CA (decimal 202)
   defining Unicode char U+00CB (decimal 203)
   defining Unicode char U+00CC (decimal 204)
   defining Unicode char U+00CD (decimal 205)
   defining Unicode char U+00CE (decimal 206)
   defining Unicode char U+00CF (decimal 207)
   defining Unicode char U+00D0 (decimal 208)
   defining Unicode char U+00D1 (decimal 209)
   defining Unicode char U+00D2 (decimal 210)
   defining Unicode char U+00D3 (decimal 211)
   defining Unicode char U+00D4 (decimal 212)
   defining Unicode char U+00D5 (decimal 213)
   defining Unicode char U+00D6 (decimal 214)
   defining Unicode char U+00D8 (decimal 216)
   defining Unicode char U+00D9 (decimal 217)
   defining Unicode char U+00DA (decimal 218)
   defining Unicode char U+00DB (decimal 219)
   defining Unicode char U+00DC (decimal 220)
   defining Unicode char U+00DD (decimal 221)
   defining Unicode char U+00DE (decimal 222)
   defining Unicode char U+00DF (decimal 223)
   defining Unicode char U+00E0 (decimal 224)
   defining Unicode char U+00E1 (decimal 225)
   defining Unicode char U+00E2 (decimal 226)
   defining Unicode char U+00E3 (decimal 227)
   defining Unicode char U+00E4 (decimal 228)
   defining Unicode char U+00E5 (decimal 229)
   defining Unicode char U+00E6 (decimal 230)
   defining Unicode char U+00E7 (decimal 231)
   defining Unicode char U+00E8 (decimal 232)
   defining Unicode char U+00E9 (decimal 233)
   defining Unicode char U+00EA (decimal 234)
   defining Unicode char U+00EB (decimal 235)
   defining Unicode char U+00EC (decimal 236)
   defining Unicode char U+00ED (decimal 237)
   defining Unicode char U+00EE (decimal 238)
   defining Unicode char U+00EF (decimal 239)
   defining Unicode char U+00F0 (decimal 240)
   defining Unicode char U+00F1 (decimal 241)
   defining Unicode char U+00F2 (decimal 242)
   defining Unicode char U+00F3 (decimal 243)
   defining Unicode char U+00F4 (decimal 244)
   defining Unicode char U+00F5 (decimal 245)
   defining Unicode char U+00F6 (decimal 246)
   defining Unicode char U+00F8 (decimal 248)
   defining Unicode char U+00F9 (decimal 249)
   defining Unicode char U+00FA (decimal 250)
   defining Unicode char U+00FB (decimal 251)
   defining Unicode char U+00FC (decimal 252)
   defining Unicode char U+00FD (decimal 253)
   defining Unicode char U+00FE (decimal 254)
   defining Unicode char U+00FF (decimal 255)
   defining Unicode char U+0102 (decimal 258)
   defining Unicode char U+0103 (decimal 259)
   defining Unicode char U+0104 (decimal 260)
   defining Unicode char U+0105 (decimal 261)
   defining Unicode char U+0106 (decimal 262)
   defining Unicode char U+0107 (decimal 263)
   defining Unicode char U+010C (decimal 268)
   defining Unicode char U+010D (decimal 269)
   defining Unicode char U+010E (decimal 270)
   defining Unicode char U+010F (decimal 271)
   defining Unicode char U+0110 (decimal 272)
   defining Unicode char U+0111 (decimal 273)
   defining Unicode char U+0118 (decimal 280)
   defining Unicode char U+0119 (decimal 281)
   defining Unicode char U+011A (decimal 282)
   defining Unicode char U+011B (decimal 283)
   defining Unicode char U+011E (decimal 286)
   defining Unicode char U+011F (decimal 287)
   defining Unicode char U+0130 (decimal 304)
   defining Unicode char U+0131 (decimal 305)
   defining Unicode char U+0132 (decimal 306)
   defining Unicode char U+0133 (decimal 307)
   defining Unicode char U+0139 (decimal 313)
   defining Unicode char U+013A (decimal 314)
   defining Unicode char U+013D (decimal 317)
   defining Unicode char U+013E (decimal 318)
   defining Unicode char U+0141 (decimal 321)
   defining Unicode char U+0142 (decimal 322)
   defining Unicode char U+0143 (decimal 323)
   defining Unicode char U+0144 (decimal 324)
   defining Unicode char U+0147 (decimal 327)
   defining Unicode char U+0148 (decimal 328)
   defining Unicode char U+014A (decimal 330)
   defining Unicode char U+014B (decimal 331)
   defining Unicode char U+0150 (decimal 336)
   defining Unicode char U+0151 (decimal 337)
   defining Unicode char U+0152 (decimal 338)
   defining Unicode char U+0153 (decimal 339)
   defining Unicode char U+0154 (decimal 340)
   defining Unicode char U+0155 (decimal 341)
   defining Unicode char U+0158 (decimal 344)
   defining Unicode char U+0159 (decimal 345)
   defining Unicode char U+015A (decimal 346)
   defining Unicode char U+015B (decimal 347)
   defining Unicode char U+015E (decimal 350)
   defining Unicode char U+015F (decimal 351)
   defining Unicode char U+0160 (decimal 352)
   defining Unicode char U+0161 (decimal 353)
   defining Unicode char U+0162 (decimal 354)
   defining Unicode char U+0163 (decimal 355)
   defining Unicode char U+0164 (decimal 356)
   defining Unicode char U+0165 (decimal 357)
   defining Unicode char U+016E (decimal 366)
   defining Unicode char U+016F (decimal 367)
   defining Unicode char U+0170 (decimal 368)
   defining Unicode char U+0171 (decimal 369)
   defining Unicode char U+0178 (decimal 376)
   defining Unicode char U+0179 (decimal 377)
   defining Unicode char U+017A (decimal 378)
   defining Unicode char U+017B (decimal 379)
   defining Unicode char U+017C (decimal 380)
   defining Unicode char U+017D (decimal 381)
   defining Unicode char U+017E (decimal 382)
   defining Unicode char U+200C (decimal 8204)
   defining Unicode char U+2013 (decimal 8211)
   defining Unicode char U+2014 (decimal 8212)
   defining Unicode char U+2018 (decimal 8216)
   defining Unicode char U+2019 (decimal 8217)
   defining Unicode char U+201A (decimal 8218)
   defining Unicode char U+201C (decimal 8220)
   defining Unicode char U+201D (decimal 8221)
   defining Unicode char U+201E (decimal 8222)
   defining Unicode char U+2030 (decimal 8240)
   defining Unicode char U+2031 (decimal 8241)
   defining Unicode char U+2039 (decimal 8249)
   defining Unicode char U+203A (decimal 8250)
   defining Unicode char U+2423 (decimal 9251)
)
Now handling font encoding OT1 ...
... processing UTF-8 mapping file for font encoding OT1

(D:\Softwares\CTEX\MiKTeX\tex\latex\base\ot1enc.dfu
File: ot1enc.dfu 2008/04/05 v1.1m UTF-8 support for inputenc
   defining Unicode char U+00A1 (decimal 161)
   defining Unicode char U+00A3 (decimal 163)
   defining Unicode char U+00B8 (decimal 184)
   defining Unicode char U+00BF (decimal 191)
   defining Unicode char U+00C5 (decimal 197)
   defining Unicode char U+00C6 (decimal 198)
   defining Unicode char U+00D8 (decimal 216)
   defining Unicode char U+00DF (decimal 223)
   defining Unicode char U+00E6 (decimal 230)
   defining Unicode char U+00EC (decimal 236)
   defining Unicode char U+00ED (decimal 237)
   defining Unicode char U+00EE (decimal 238)
   defining Unicode char U+00EF (decimal 239)
   defining Unicode char U+00F8 (decimal 248)
   defining Unicode char U+0131 (decimal 305)
   defining Unicode char U+0141 (decimal 321)
   defining Unicode char U+0142 (decimal 322)
   defining Unicode char U+0152 (decimal 338)
   defining Unicode char U+0153 (decimal 339)
   defining Unicode char U+2013 (decimal 8211)
   defining Unicode char U+2014 (decimal 8212)
   defining Unicode char U+2018 (decimal 8216)
   defining Unicode char U+2019 (decimal 8217)
   defining Unicode char U+201C (decimal 8220)
   defining Unicode char U+201D (decimal 8221)
)
Now handling font encoding OMS ...
... processing UTF-8 mapping file for font encoding OMS

(D:\Softwares\CTEX\MiKTeX\tex\latex\base\omsenc.dfu
File: omsenc.dfu 2008/04/05 v1.1m UTF-8 support for inputenc
   defining Unicode char U+00A7 (decimal 167)
   defining Unicode char U+00B6 (decimal 182)
   defining Unicode char U+00B7 (decimal 183)
   defining Unicode char U+2020 (decimal 8224)
   defining Unicode char U+2021 (decimal 8225)
   defining Unicode char U+2022 (decimal 8226)
)
Now handling font encoding OMX ...
... no UTF-8 mapping file for font encoding OMX
Now handling font encoding U ...
... no UTF-8 mapping file for font encoding U
   defining Unicode char U+00A9 (decimal 169)
   defining Unicode char U+00AA (decimal 170)
   defining Unicode char U+00AE (decimal 174)
   defining Unicode char U+00BA (decimal 186)
   defining Unicode char U+02C6 (decimal 710)
   defining Unicode char U+02DC (decimal 732)
   defining Unicode char U+200C (decimal 8204)
   defining Unicode char U+2026 (decimal 8230)
   defining Unicode char U+2122 (decimal 8482)
   defining Unicode char U+2423 (decimal 9251)
))
(D:\Softwares\CTEX\MiKTeX\tex\latex\base\makeidx.sty
Package: makeidx 2000/03/29 v1.0m Standard LaTeX package
)
(D:\Softwares\CTEX\MiKTeX\tex\latex\base\textcomp.sty
Package: textcomp 2005/09/27 v1.99g Standard LaTeX package
Package textcomp Info: Sub-encoding information:
(textcomp)               5 = only ISO-Adobe without \textcurrency
(textcomp)               4 = 5 + \texteuro
(textcomp)               3 = 4 + \textohm
(textcomp)               2 = 3 + \textestimated + \textcurrency
(textcomp)               1 = TS1 - \textcircled - \t
(textcomp)               0 = TS1 (full)
(textcomp)             Font families with sub-encoding setting implement
(textcomp)             only a restricted character set as indicated.
(textcomp)             Family '?' is the default used for unknown fonts.
(textcomp)             See the documentation for details.
Package textcomp Info: Setting ? sub-encoding to TS1/1 on input line 71.

(D:\Softwares\CTEX\MiKTeX\tex\latex\base\ts1enc.def
File: ts1enc.def 2001/06/05 v3.0e (jk/car/fm) Standard LaTeX file
Now handling font encoding TS1 ...
... processing UTF-8 mapping file for font encoding TS1

(D:\Softwares\CTEX\MiKTeX\tex\latex\base\ts1enc.dfu
File: ts1enc.dfu 2008/04/05 v1.1m UTF-8 support for inputenc
   defining Unicode char U+00A2 (decimal 162)
   defining Unicode char U+00A3 (decimal 163)
   defining Unicode char U+00A4 (decimal 164)
   defining Unicode char U+00A5 (decimal 165)
   defining Unicode char U+00A6 (decimal 166)
   defining Unicode char U+00A7 (decimal 167)
   defining Unicode char U+00A8 (decimal 168)
   defining Unicode char U+00A9 (decimal 169)
   defining Unicode char U+00AA (decimal 170)
   defining Unicode char U+00AC (decimal 172)
   defining Unicode char U+00AE (decimal 174)
   defining Unicode char U+00AF (decimal 175)
   defining Unicode char U+00B0 (decimal 176)
   defining Unicode char U+00B1 (decimal 177)
   defining Unicode char U+00B2 (decimal 178)
   defining Unicode char U+00B3 (decimal 179)
   defining Unicode char U+00B4 (decimal 180)
   defining Unicode char U+00B5 (decimal 181)
   defining Unicode char U+00B6 (decimal 182)
   defining Unicode char U+00B7 (decimal 183)
   defining Unicode char U+00B9 (decimal 185)
   defining Unicode char U+00BA (decimal 186)
   defining Unicode char U+00BC (decimal 188)
   defining Unicode char U+00BD (decimal 189)
   defining Unicode char U+00BE (decimal 190)
   defining Unicode char U+00D7 (decimal 215)
   defining Unicode char U+00F7 (decimal 247)
   defining Unicode char U+0192 (decimal 402)
   defining Unicode char U+02C7 (decimal 711)
   defining Unicode char U+02D8 (decimal 728)
   defining Unicode char U+02DD (decimal 733)
   defining Unicode char U+0E3F (decimal 3647)
   defining Unicode char U+2016 (decimal 8214)
   defining Unicode char U+2020 (decimal 8224)
   defining Unicode char U+2021 (decimal 8225)
   defining Unicode char U+2022 (decimal 8226)
   defining Unicode char U+2030 (decimal 8240)
   defining Unicode char U+2031 (decimal 8241)
   defining Unicode char U+203B (decimal 8251)
   defining Unicode char U+203D (decimal 8253)
   defining Unicode char U+2044 (decimal 8260)
   defining Unicode char U+204E (decimal 8270)
   defining Unicode char U+2052 (decimal 8274)
   defining Unicode char U+20A1 (decimal 8353)
   defining Unicode char U+20A4 (decimal 8356)
   defining Unicode char U+20A6 (decimal 8358)
   defining Unicode char U+20A9 (decimal 8361)
   defining Unicode char U+20AB (decimal 8363)
   defining Unicode char U+20AC (decimal 8364)
   defining Unicode char U+20B1 (decimal 8369)
   defining Unicode char U+2103 (decimal 8451)
   defining Unicode char U+2116 (decimal 8470)
   defining Unicode char U+2117 (decimal 8471)
   defining Unicode char U+211E (decimal 8478)
   defining Unicode char U+2120 (decimal 8480)
   defining Unicode char U+2122 (decimal 8482)
   defining Unicode char U+2126 (decimal 8486)
   defining Unicode char U+2127 (decimal 8487)
   defining Unicode char U+212E (decimal 8494)
   defining Unicode char U+2190 (decimal 8592)
   defining Unicode char U+2191 (decimal 8593)
   defining Unicode char U+2192 (decimal 8594)
   defining Unicode char U+2193 (decimal 8595)
   defining Unicode char U+2329 (decimal 9001)
   defining Unicode char U+232A (decimal 9002)
   defining Unicode char U+2422 (decimal 9250)
   defining Unicode char U+25E6 (decimal 9702)
   defining Unicode char U+25EF (decimal 9711)
   defining Unicode char U+266A (decimal 9834)
))
LaTeX Info: Redefining \oldstylenums on input line 266.
Package textcomp Info: Setting cmr sub-encoding to TS1/0 on input line 281.
Package textcomp Info: Setting cmss sub-encoding to TS1/0 on input line 282.
Package textcomp Info: Setting cmtt sub-encoding to TS1/0 on input line 283.
Package textcomp Info: Setting cmvtt sub-encoding to TS1/0 on input line 284.
Package textcomp Info: Setting cmbr sub-encoding to TS1/0 on input line 285.
Package textcomp Info: Setting cmtl sub-encoding to TS1/0 on input line 286.
Package textcomp Info: Setting ccr sub-encoding to TS1/0 on input line 287.
Package textcomp Info: Setting ptm sub-encoding to TS1/4 on input line 288.
Package textcomp Info: Setting pcr sub-encoding to TS1/4 on input line 289.
Package textcomp Info: Setting phv sub-encoding to TS1/4 on input line 290.
Package textcomp Info: Setting ppl sub-encoding to TS1/3 on input line 291.
Package textcomp Info: Setting pag sub-encoding to TS1/4 on input line 292.
Package textcomp Info: Setting pbk sub-encoding to TS1/4 on input line 293.
Package textcomp Info: Setting pnc sub-encoding to TS1/4 on input line 294.
Package textcomp Info: Setting pzc sub-encoding to TS1/4 on input line 295.
Package textcomp Info: Setting bch sub-encoding to TS1/4 on input line 296.
Package textcomp Info: Setting put sub-encoding to TS1/5 on input line 297.
Package textcomp Info: Setting uag sub-encoding to TS1/5 on input line 298.
Package textcomp Info: Setting ugq sub-encoding to TS1/5 on input line 299.
Package textcomp Info: Setting ul8 sub-encoding to TS1/4 on input line 300.
Package textcomp Info: Setting ul9 sub-encoding to TS1/4 on input line 301.
Package textcomp Info: Setting augie sub-encoding to TS1/5 on input line 302.
Package textcomp Info: Setting dayrom sub-encoding to TS1/3 on input line 303.
Package textcomp Info: Setting dayroms sub-encoding to TS1/3 on input line 304.

Package textcomp Info: Setting pxr sub-encoding to TS1/0 on input line 305.
Package textcomp Info: Setting pxss sub-encoding to TS1/0 on input line 306.
Package textcomp Info: Setting pxtt sub-encoding to TS1/0 on input line 307.
Package textcomp Info: Setting txr sub-encoding to TS1/0 on input line 308.
Package textcomp Info: Setting txss sub-encoding to TS1/0 on input line 309.
Package textcomp Info: Setting txtt sub-encoding to TS1/0 on input line 310.
Package textcomp Info: Setting lmr sub-encoding to TS1/0 on input line 311.
Package textcomp Info: Setting lmdh sub-encoding to TS1/0 on input line 312.
Package textcomp Info: Setting lmss sub-encoding to TS1/0 on input line 313.
Package textcomp Info: Setting lmssq sub-encoding to TS1/0 on input line 314.
Package textcomp Info: Setting lmvtt sub-encoding to TS1/0 on input line 315.
Package textcomp Info: Setting qhv sub-encoding to TS1/0 on input line 316.
Package textcomp Info: Setting qag sub-encoding to TS1/0 on input line 317.
Package textcomp Info: Setting qbk sub-encoding to TS1/0 on input line 318.
Package textcomp Info: Setting qcr sub-encoding to TS1/0 on input line 319.
Package textcomp Info: Setting qcs sub-encoding to TS1/0 on input line 320.
Package textcomp Info: Setting qpl sub-encoding to TS1/0 on input line 321.
Package textcomp Info: Setting qtm sub-encoding to TS1/0 on input line 322.
Package textcomp Info: Setting qzc sub-encoding to TS1/0 on input line 323.
Package textcomp Info: Setting qhvc sub-encoding to TS1/0 on input line 324.
Package textcomp Info: Setting futs sub-encoding to TS1/4 on input line 325.
Package textcomp Info: Setting futx sub-encoding to TS1/4 on input line 326.
Package textcomp Info: Setting futj sub-encoding to TS1/4 on input line 327.
Package textcomp Info: Setting hlh sub-encoding to TS1/3 on input line 328.
Package textcomp Info: Setting hls sub-encoding to TS1/3 on input line 329.
Package textcomp Info: Setting hlst sub-encoding to TS1/3 on input line 330.
Package textcomp Info: Setting hlct sub-encoding to TS1/5 on input line 331.
Package textcomp Info: Setting hlx sub-encoding to TS1/5 on input line 332.
Package textcomp Info: Setting hlce sub-encoding to TS1/5 on input line 333.
Package textcomp Info: Setting hlcn sub-encoding to TS1/5 on input line 334.
Package textcomp Info: Setting hlcw sub-encoding to TS1/5 on input line 335.
Package textcomp Info: Setting hlcf sub-encoding to TS1/5 on input line 336.
Package textcomp Info: Setting pplx sub-encoding to TS1/3 on input line 337.
Package textcomp Info: Setting pplj sub-encoding to TS1/3 on input line 338.
Package textcomp Info: Setting ptmx sub-encoding to TS1/4 on input line 339.
Package textcomp Info: Setting ptmj sub-encoding to TS1/4 on input line 340.
)
(D:\Softwares\CTEX\MiKTeX\tex\latex\wasysym\wasysym.sty
Package: wasysym 2003/10/30 v2.0 Wasy-2 symbol support package
\symwasy=\mathgroup6
LaTeX Font Info:    Overwriting symbol font `wasy' in version `bold'
(Font)                  U/wasy/m/n --> U/wasy/b/n on input line 90.
)
(D:\Softwares\CTEX\MiKTeX\tex\generic\ifxetex\ifxetex.sty
Package: ifxetex 2010/09/12 v0.6 Provides ifxetex conditional
)
(D:\Softwares\CTEX\MiKTeX\tex\latex\base\fontenc.sty
Package: fontenc 2005/09/27 v1.99g Standard LaTeX package

(D:\Softwares\CTEX\MiKTeX\tex\latex\base\t1enc.def
File: t1enc.def 2005/09/27 v1.99g Standard LaTeX file
LaTeX Font Info:    Redeclaring font encoding T1 on input line 43.
))
(D:\Softwares\CTEX\MiKTeX\tex\latex\psnfss\helvet.sty
Package: helvet 2005/04/12 PSNFSS-v9.2a (WaS) 
)
(D:\Softwares\CTEX\MiKTeX\tex\latex\psnfss\courier.sty
Package: courier 2005/04/12 PSNFSS-v9.2a (WaS) 
)
(D:\Softwares\CTEX\MiKTeX\tex\latex\sectsty\sectsty.sty
Package: sectsty 2002/02/25 v2.0.2 Commands to change all sectional heading sty
les
)
(D:\Softwares\CTEX\MiKTeX\tex\latex\geometry\geometry.sty
Package: geometry 2010/09/12 v5.6 Page Geometry

(D:\Softwares\CTEX\MiKTeX\tex\generic\oberdiek\ifvtex.sty
Package: ifvtex 2010/03/01 v1.5 Switches for detecting VTeX and its modes (HO)
Package ifvtex Info: VTeX not detected.
)
\Gm@cnth=\count136
\Gm@cntv=\count137
\c@Gm@tempcnt=\count138
\Gm@bindingoffset=\dimen147
\Gm@wd@mp=\dimen148
\Gm@odd@mp=\dimen149
\Gm@even@mp=\dimen150
\Gm@layoutwidth=\dimen151
\Gm@layoutheight=\dimen152
\Gm@layouthoffset=\dimen153
\Gm@layoutvoffset=\dimen154
\Gm@dimlist=\toks32

(D:\Softwares\CTEX\MiKTeX\tex\latex\geometry\geometry.cfg))
(D:\Softwares\CTEX\MiKTeX\tex\latex\fancyhdr\fancyhdr.sty
\fancy@headwidth=\skip70
\f@ncyO@elh=\skip71
\f@ncyO@erh=\skip72
\f@ncyO@olh=\skip73
\f@ncyO@orh=\skip74
\f@ncyO@elf=\skip75
\f@ncyO@erf=\skip76
\f@ncyO@olf=\skip77
\f@ncyO@orf=\skip78
)
(D:\Softwares\CTEX\MiKTeX\tex\latex\natbib\natbib.sty
Package: natbib 2010/09/13 8.31b (PWD, AO)
\bibhang=\skip79
\bibsep=\skip80
LaTeX Info: Redefining \cite on input line 694.
\c@NAT@ctr=\count139
)
(D:\Softwares\CTEX\MiKTeX\tex\latex\tocloft\tocloft.sty
Package: tocloft 2010/10/13 v2.3e parameterised ToC, etc., typesetting
Package tocloft Info: The document has chapter divisions on input line 43.
\cftparskip=\skip81
\cftbeforetoctitleskip=\skip82
\cftaftertoctitleskip=\skip83
\cftbeforepartskip=\skip84
\cftpartnumwidth=\skip85
\cftpartindent=\skip86
\cftbeforechapskip=\skip87
\cftchapindent=\skip88
\cftchapnumwidth=\skip89
\cftbeforesecskip=\skip90
\cftsecindent=\skip91
\cftsecnumwidth=\skip92
\cftbeforesubsecskip=\skip93
\cftsubsecindent=\skip94
\cftsubsecnumwidth=\skip95
\cftbeforesubsubsecskip=\skip96
\cftsubsubsecindent=\skip97
\cftsubsubsecnumwidth=\skip98
\cftbeforeparaskip=\skip99
\cftparaindent=\skip100
\cftparanumwidth=\skip101
\cftbeforesubparaskip=\skip102
\cftsubparaindent=\skip103
\cftsubparanumwidth=\skip104
\cftbeforeloftitleskip=\skip105
\cftafterloftitleskip=\skip106
\cftbeforefigskip=\skip107
\cftfigindent=\skip108
\cftfignumwidth=\skip109
\c@lofdepth=\count140
\c@lotdepth=\count141
\cftbeforelottitleskip=\skip110
\cftafterlottitleskip=\skip111
\cftbeforetabskip=\skip112
\cfttabindent=\skip113
\cfttabnumwidth=\skip114
)
\@indexfile=\write4

Writing index file refman.idx
(D:\Softwares\CTEX\MiKTeX\tex\latex\newunicodechar\newunicodechar.sty
Package: newunicodechar 2011/02/18 v1.0 Defining Unicode characters
)

Package newunicodechar Warning: Redefining Unicode character on input line 116.



Package newunicodechar Warning: Redefining Unicode character on input line 117.


(D:\Softwares\CTEX\MiKTeX\tex\latex\hyperref\hyperref.sty
Package: hyperref 2012/02/06 v6.82o Hypertext links for LaTeX

(D:\Softwares\CTEX\MiKTeX\tex\generic\oberdiek\hobsub-hyperref.sty
Package: hobsub-hyperref 2011/04/23 v1.4 Bundle oberdiek, subset hyperref (HO)

(D:\Softwares\CTEX\MiKTeX\tex\generic\oberdiek\hobsub-generic.sty
Package: hobsub-generic 2011/04/23 v1.4 Bundle oberdiek, subset generic (HO)
Package: hobsub 2011/04/23 v1.4 Subsetting bundle oberdiek (HO)
Package hobsub Info: Skipping package `infwarerr' (already loaded).
Package hobsub Info: Skipping package `ltxcmds' (already loaded).
Package: ifluatex 2010/03/01 v1.3 Provides the ifluatex switch (HO)
Package ifluatex Info: LuaTeX not detected.
Package hobsub Info: Skipping package `ifvtex' (already loaded).
Package hobsub Info: Skipping package `intcalc' (already loaded).
Package hobsub Info: Skipping package `ifpdf' (already loaded).
Package: etexcmds 2011/02/16 v1.5 Prefix for e-TeX command names (HO)
Package etexcmds Info: Could not find \expanded.
(etexcmds)             That can mean that you are not using pdfTeX 1.50 or
(etexcmds)             that some package has redefined \expanded.
(etexcmds)             In the latter case, load this package earlier.
Package: kvsetkeys 2011/04/07 v1.13 Key value parser (HO)
Package: kvdefinekeys 2011/04/07 v1.3 Defining keys (HO)
Package: pdftexcmds 2011/04/22 v0.16 Utilities of pdfTeX for LuaTeX (HO)
Package pdftexcmds Info: LuaTeX not detected.
Package pdftexcmds Info: \pdf@primitive is available.
Package pdftexcmds Info: \pdf@ifprimitive is available.
Package pdftexcmds Info: \pdfdraftmode found.
Package: pdfescape 2011/04/04 v1.12 Provides string conversions (HO)
Package: bigintcalc 2011/01/30 v1.2 Expandable big integer calculations (HO)
Package: bitset 2011/01/30 v1.1 Data type bit set (HO)
Package: uniquecounter 2011/01/30 v1.2 Provides unlimited unique counter (HO)
)
Package hobsub Info: Skipping package `hobsub' (already loaded).
Package: letltxmacro 2010/09/02 v1.4 Let assignment for LaTeX macros (HO)
Package: hopatch 2011/01/30 v1.0 Wrapper for package hooks (HO)
Package: xcolor-patch 2011/01/30 xcolor patch
Package: atveryend 2011/04/23 v1.7 Hooks at very end of document (HO)
Package: atbegshi 2011/01/30 v1.15 At begin shipout hook (HO)
Package: refcount 2010/12/01 v3.2 Data extraction from references (HO)
Package: hycolor 2011/01/30 v1.7 Color options of hyperref/bookmark (HO)
)
(D:\Softwares\CTEX\MiKTeX\tex\latex\oberdiek\kvoptions.sty
Package: kvoptions 2010/12/23 v3.10 Keyval support for LaTeX options (HO)
)
\@linkdim=\dimen155
\Hy@linkcounter=\count142
\Hy@pagecounter=\count143

(D:\Softwares\CTEX\MiKTeX\tex\latex\hyperref\pd1enc.def
File: pd1enc.def 2012/02/06 v6.82o Hyperref: PDFDocEncoding definition (HO)
Now handling font encoding PD1 ...
... no UTF-8 mapping file for font encoding PD1
)
\Hy@SavedSpaceFactor=\count144

(D:\Softwares\CTEX\MiKTeX\tex\latex\00miktex\hyperref.cfg
File: hyperref.cfg 2002/06/06 v1.2 hyperref configuration of TeXLive
)
Package hyperref Info: Hyper figures OFF on input line 4046.
Package hyperref Info: Link nesting OFF on input line 4051.
Package hyperref Info: Hyper index ON on input line 4054.
Package hyperref Info: Plain pages OFF on input line 4061.
Package hyperref Info: Backreferencing ON on input line 4064.
Package hyperref Info: Implicit mode ON; LaTeX internals redefined.
Package hyperref Info: Bookmarks ON on input line 4284.

(D:\Softwares\CTEX\MiKTeX\tex\latex\hyperref\backref.sty
Package: backref 2010/08/30 v1.36 Bibliographical back referencing

(D:\Softwares\CTEX\MiKTeX\tex\latex\oberdiek\rerunfilecheck.sty
Package: rerunfilecheck 2011/04/15 v1.7 Rerun checks for auxiliary files (HO)
Package uniquecounter Info: New unique counter `rerunfilecheck' on input line 2
82.
))
\c@Hy@tempcnt=\count145

(D:\Softwares\CTEX\MiKTeX\tex\latex\ltxmisc\url.sty
\Urlmuskip=\muskip10
Package: url 2006/04/12  ver 3.3  Verb mode for urls, etc.
)
LaTeX Info: Redefining \url on input line 4637.
\Fld@menulength=\count146
\Field@Width=\dimen156
\Fld@charsize=\dimen157
Package hyperref Info: Hyper figures OFF on input line 5757.
Package hyperref Info: Link nesting OFF on input line 5762.
Package hyperref Info: Hyper index ON on input line 5765.
Package hyperref Info: backreferencing ON on input line 5770.
Package hyperref Info: Link coloring OFF on input line 5777.
Package hyperref Info: Link coloring with OCG OFF on input line 5782.
Package hyperref Info: PDF/A mode OFF on input line 5787.
LaTeX Info: Redefining \ref on input line 5827.
LaTeX Info: Redefining \pageref on input line 5831.
\Hy@abspage=\count147
\c@Item=\count148
\c@Hfootnote=\count149
)

Package hyperref Message: Driver: hpdftex.

(D:\Softwares\CTEX\MiKTeX\tex\latex\hyperref\hpdftex.def
File: hpdftex.def 2012/02/06 v6.82o Hyperref driver for pdfTeX
\Fld@listcount=\count150
\c@bookmark@seq@number=\count151
\Hy@SectionHShift=\skip115
)
Package hyperref Info: Option `colorlinks' set `true' on input line 136.
Package hyperref Info: Option `unicode' set `true' on input line 136.

(D:\Softwares\CTEX\MiKTeX\tex\latex\hyperref\puenc.def
File: puenc.def 2012/02/06 v6.82o Hyperref: PDF Unicode definition (HO)
Now handling font encoding PU ...
... no UTF-8 mapping file for font encoding PU
)
(D:\Softwares\CTEX\MiKTeX\tex\latex\caption\caption.sty
Package: caption 2011/11/10 v3.2e Customizing captions (AR)

(D:\Softwares\CTEX\MiKTeX\tex\latex\caption\caption3.sty
Package: caption3 2011/11/01 v1.4a caption3 kernel (AR)
\captionmargin=\dimen158
\captionmargin@=\dimen159
\captionwidth=\dimen160
\caption@indent=\dimen161
\caption@parindent=\dimen162
\caption@hangindent=\dimen163
)
\c@ContinuedFloat=\count152
Package caption Info: float package is loaded.
Package caption Info: hyperref package is loaded.
Package caption Info: longtable package is loaded.

(D:\Softwares\CTEX\MiKTeX\tex\latex\caption\ltcaption.sty
Package: ltcaption 2011/09/12 v1.3 longtable captions (AR)
))

! LaTeX Error: File `etoc.sty' not found.

Type X to quit or <RETURN> to proceed,
or enter new name. (Default extension: sty)

Enter file name: 
! Undefined control sequence.
<recently read> \etocsettocstyle 
                                 
l.147   \etocsettocstyle
                        {\doxytocparskip}{\doxynormalparskip}
? 
(C:\Users\Admin\Desktop\20220622\database-system\AIMDB\latex\refman.aux

LaTeX Warning: Label `classPbtree' multiply defined.


LaTeX Warning: Label `classPbtree_a5536b432bcdc44da1a431010b5414800' multiply d
efined.


LaTeX Warning: Label `classPbtree_a1353a92a4e21daad1dc503f911373694' multiply d
efined.


LaTeX Warning: Label `classPbtree_ad0b10d58a28d9c8e8ea7cb30f57e5363' multiply d
efined.


LaTeX Warning: Label `classPbtree_a1bfe109e2e46760094feb05f1bf4e23b' multiply d
efined.


LaTeX Warning: Label `classPbtree_ad8b8472ce1f0bb1cde332deee72ad457' multiply d
efined.


LaTeX Warning: Label `classPbtree_aaa7fd10ef80f7e5931cadbaa98439036' multiply d
efined.


LaTeX Warning: Label `classPbtree_a561753cdbae6a0960e4e54c31a79aa55' multiply d
efined.


LaTeX Warning: Label `classPbtree_aaa2248cc2d4d5a6a20f5b309dfc87eb4' multiply d
efined.


LaTeX Warning: Label `classPbtree_abb8fe5c586508c20b46a53cc49b6647f' multiply d
efined.


LaTeX Warning: Label `classPbtree_aad351f0e8d1de3e948e4ce5fe02e776f' multiply d
efined.


LaTeX Warning: Label `classPbtree_ac1bbab724157bbdc6c364339e5c113d8' multiply d
efined.


LaTeX Warning: Label `classPbtree_a81e64f784a553795cc8999c9e8111919' multiply d
efined.


LaTeX Warning: Label `classPbtree_a6aa106c9d5df8cdb793555ab1e4ff48a' multiply d
efined.


LaTeX Warning: Label `classPbtree_a00f3ee11e104c3f5f8422e5daa059dc3' multiply d
efined.


LaTeX Warning: Label `classPbtree_a8487dfbfc6c80d494d1a145da8813689' multiply d
efined.


LaTeX Warning: Label `classPbtree_aa5d91166be68c8cd922b4ebd3b72c348' multiply d
efined.


LaTeX Warning: Label `classPbtree_a5d840e4b413f21c5d16674b89593e4e4' multiply d
efined.


LaTeX Warning: Label `schema_8h_DESCRIPTION' multiply defined.


LaTeX Warning: Label `schema_8h_DESCRIPTION' multiply defined.


LaTeX Warning: Label `errorlog_8h_Description' multiply defined.


LaTeX Warning: Label `schema_8h_DESCRIPTION' multiply defined.


LaTeX Warning: Label `schema_8h_DESCRIPTION' multiply defined.


LaTeX Warning: Label `schema_8h_DESCRIPTION' multiply defined.


LaTeX Warning: Label `schema_8h_DESCRIPTION' multiply defined.


LaTeX Warning: Label `schema_8h_DESCRIPTION' multiply defined.


LaTeX Warning: Label `schema_8h_DESCRIPTION' multiply defined.


LaTeX Warning: Label `schema_8h_DESCRIPTION' multiply defined.


LaTeX Warning: Label `pbtree_8cc_a4d2adc03a0f40c87fd5b0c9226947427' multiply de
fined.


LaTeX Warning: Label `pbtree_8cc_a66b5ff6bcc63254616a88a910fc8c37a' multiply de
fined.


LaTeX Warning: Label `pbtree_8h_LICENSE' multiply defined.


LaTeX Warning: Label `schema_8h_DESCRIPTION' multiply defined.


LaTeX Warning: Label `schema_8h_DESCRIPTION' multiply defined.


LaTeX Warning: Label `schema_8h_DESCRIPTION' multiply defined.


LaTeX Warning: Label `schema_8h_DESCRIPTION' multiply defined.


LaTeX Warning: Label `schema_8h_DESCRIPTION' multiply defined.


LaTeX Warning: Label `schema_8h_DESCRIPTION' multiply defined.

)
LaTeX Font Info:    Checking defaults for OML/cmm/m/it on input line 152.
LaTeX Font Info:    ... okay on input line 152.
LaTeX Font Info:    Checking defaults for T1/cmr/m/n on input line 152.
LaTeX Font Info:    ... okay on input line 152.
LaTeX Font Info:    Checking defaults for OT1/cmr/m/n on input line 152.
LaTeX Font Info:    ... okay on input line 152.
LaTeX Font Info:    Checking defaults for OMS/cmsy/m/n on input line 152.
LaTeX Font Info:    ... okay on input line 152.
LaTeX Font Info:    Checking defaults for OMX/cmex/m/n on input line 152.
LaTeX Font Info:    ... okay on input line 152.
LaTeX Font Info:    Checking defaults for U/cmr/m/n on input line 152.
LaTeX Font Info:    ... okay on input line 152.
LaTeX Font Info:    Checking defaults for TS1/cmr/m/n on input line 152.
LaTeX Font Info:    Try loading font information for TS1+cmr on input line 152.

 (D:\Softwares\CTEX\MiKTeX\tex\latex\base\ts1cmr.fd
File: ts1cmr.fd 1999/05/25 v2.5h Standard LaTeX font definitions
)
LaTeX Font Info:    ... okay on input line 152.
LaTeX Font Info:    Checking defaults for PD1/pdf/m/n on input line 152.
LaTeX Font Info:    ... okay on input line 152.
LaTeX Font Info:    Checking defaults for PU/pdf/m/n on input line 152.
LaTeX Font Info:    ... okay on input line 152.
LaTeX Font Info:    Try loading font information for T1+phv on input line 152.

(D:\Softwares\CTEX\MiKTeX\tex\latex\psnfss\t1phv.fd
File: t1phv.fd 2001/06/04 scalable font definitions for T1/phv.
)
LaTeX Font Info:    Font shape `T1/phv/m/n' will be
(Font)              scaled to size 8.99994pt on input line 152.

(D:\Softwares\CTEX\MiKTeX\tex\context\base\supp-pdf.mkii
[Loading MPS to PDF converter (version 2006.09.02).]
\scratchcounter=\count153
\scratchdimen=\dimen164
\scratchbox=\box70
\nofMPsegments=\count154
\nofMParguments=\count155
\everyMPshowfont=\toks33
\MPscratchCnt=\count156
\MPscratchDim=\dimen165
\MPnumerator=\count157
\makeMPintoPDFobject=\count158
\everyMPtoPDFconversion=\toks34
)
*geometry* driver: auto-detecting
*geometry* detected driver: pdftex
*geometry* verbose mode - [ preamble ] result:
* driver: pdftex
* paper: a4paper
* layout: <same size as paper>
* layoutoffset:(h,v)=(0.0pt,0.0pt)
* modes: twoside 
* h-part:(L,W,R)=(71.13188pt, 455.24411pt, 71.13188pt)
* v-part:(T,H,B)=(71.13188pt, 702.78308pt, 71.13188pt)
* \paperwidth=597.50787pt
* \paperheight=845.04684pt
* \textwidth=455.24411pt
* \textheight=702.78308pt
* \oddsidemargin=-1.1381pt
* \evensidemargin=-1.1381pt
* \topmargin=-31.2056pt
* \headheight=12.0pt
* \headsep=18.06749pt
* \topskip=10.0pt
* \footskip=25.29494pt
* \marginparwidth=125.0pt
* \marginparsep=7.0pt
* \columnsep=10.0pt
* \skip\footins=9.0pt plus 4.0pt minus 2.0pt
* \hoffset=0.0pt
* \voffset=0.0pt
* \mag=1000
* \@twocolumnfalse
* \@twosidetrue
* \@mparswitchtrue
* \@reversemarginfalse
* (1in=72.27pt=25.4mm, 1cm=28.453pt)

\AtBeginShipoutBox=\box71
Package backref Info: ** backref set up for natbib ** on input line 152.
Package hyperref Info: Link coloring ON on input line 152.
(D:\Softwares\CTEX\MiKTeX\tex\latex\hyperref\nameref.sty
Package: nameref 2010/04/30 v2.40 Cross-referencing by name of section

(D:\Softwares\CTEX\MiKTeX\tex\generic\oberdiek\gettitlestring.sty
Package: gettitlestring 2010/12/03 v1.4 Cleanup title references (HO)
)
\c@section@level=\count159
)
LaTeX Info: Redefining \ref on input line 152.
LaTeX Info: Redefining \pageref on input line 152.
LaTeX Info: Redefining \nameref on input line 152.

(C:\Users\Admin\Desktop\20220622\database-system\AIMDB\latex\refman.out)
(C:\Users\Admin\Desktop\20220622\database-system\AIMDB\latex\refman.out)
\@outlinefile=\write5
Package caption Info: Begin \AtBeginDocument code.
Package caption Info: End \AtBeginDocument code.
Package hyperref Info: Option `pageanchor' set `false' on input line 160.
Package hyperref Info: Option `bookmarksnumbered' set `true' on input line 160.

Package hyperref Info: Option `unicode' set `true' on input line 160.
LaTeX Font Info:    Font shape `T1/phv/m/n' will be
(Font)              scaled to size 12.9599pt on input line 165.
LaTeX Font Info:    Font shape `T1/phv/m/n' will be
(Font)              scaled to size 10.79993pt on input line 167.

[1


{D:/Softwares/CTEX/UserData/pdftex/config/pdftex.map{Unicode.sfd}{UGBK.sfd}}] [
2

]
LaTeX Font Info:    Font shape `T1/phv/m/n' will be
(Font)              scaled to size 22.39185pt on input line 172.
LaTeX Font Info:    Font shape `T1/phv/bx/n' in size <24.88> not available
(Font)              Font shape `T1/phv/b/n' tried instead on input line 172.
LaTeX Font Info:    Font shape `T1/phv/b/n' will be
(Font)              scaled to size 22.39185pt on input line 172.
LaTeX Font Info:    Font shape `T1/phv/bc/n' will be
(Font)              scaled to size 22.39185pt on input line 172.
 (C:\Users\Admin\Desktop\20220622\database-system\AIMDB\latex\refman.toc
LaTeX Font Info:    Font shape `T1/phv/bx/n' in size <10> not available
(Font)              Font shape `T1/phv/b/n' tried instead on input line 1.
LaTeX Font Info:    Font shape `T1/phv/b/n' will be
(Font)              scaled to size 8.99994pt on input line 1.
LaTeX Font Info:    Try loading font information for U+msa on input line 1.

(D:\Softwares\CTEX\MiKTeX\tex\latex\amsfonts\umsa.fd
File: umsa.fd 2009/06/22 v3.00 AMS symbols A
)
LaTeX Font Info:    Try loading font information for U+msb on input line 1.

(D:\Softwares\CTEX\MiKTeX\tex\latex\amsfonts\umsb.fd
File: umsb.fd 2009/06/22 v3.00 AMS symbols B
)
LaTeX Font Info:    Try loading font information for U+wasy on input line 1.

(D:\Softwares\CTEX\MiKTeX\tex\latex\wasysym\uwasy.fd
File: uwasy.fd 2003/10/30 v2.0 Wasy-2 symbol font definitions
)
LaTeX Font Info:    Font shape `T1/phv/m/n' will be
(Font)              scaled to size 6.29996pt on input line 8.
LaTeX Font Info:    Font shape `T1/phv/bx/n' in size <7> not available
(Font)              Font shape `T1/phv/b/n' tried instead on input line 34.
LaTeX Font Info:    Font shape `T1/phv/b/n' will be
(Font)              scaled to size 6.29996pt on input line 34.
 [1

] [2] [3]
LaTeX Font Info:    Font shape `T1/phv/m/n' will be
(Font)              scaled to size 7.19995pt on input line 103.
LaTeX Font Info:    Try loading font information for T1+pcr on input line 103.

(D:\Softwares\CTEX\MiKTeX\tex\latex\psnfss\t1pcr.fd
File: t1pcr.fd 2001/06/04 font definitions for T1/pcr.
) [4] [5] [6] [7] [8]
[9] [10] [11] [12] [13] [14] [15] [16] [17] [18] [19] [20] [21] [22] [23]
[24] [25] [26] [27] [28] [29] [30] [31] [32] [33] [34] [35] [36] [37] [38]
[39] [40] [41])
\tf@toc=\write6
 [42]
Package hyperref Info: Option `pageanchor' set `true' on input line 176.

Chapter 1.
LaTeX Font Info:    Font shape `T1/phv/m/n' will be
(Font)              scaled to size 18.66588pt on input line 178.
LaTeX Font Info:    Font shape `T1/phv/bx/n' in size <20.74> not available
(Font)              Font shape `T1/phv/b/n' tried instead on input line 178.
LaTeX Font Info:    Font shape `T1/phv/b/n' will be
(Font)              scaled to size 18.66588pt on input line 178.
LaTeX Font Info:    Font shape `T1/phv/bc/n' will be
(Font)              scaled to size 18.66588pt on input line 178.
(C:\Users\Admin\Desktop\20220622\database-system\AIMDB\latex\hierarchy.tex
LaTeX Font Info:    Font shape `T1/phv/bx/n' in size <14.4> not available
(Font)              Font shape `T1/phv/b/n' tried instead on input line 1.
LaTeX Font Info:    Font shape `T1/phv/b/n' will be
(Font)              scaled to size 12.9599pt on input line 1.

[1


]

LaTeX Warning: Reference `classpbtree' on page 2 undefined on input line 61.

) [2]
Chapter 2.
(C:\Users\Admin\Desktop\20220622\database-system\AIMDB\latex\annotated.tex

LaTeX Warning: Reference `classpbtree' on page 3 undefined on input line 34.

[3

]) [4]
Chapter 3.
(C:\Users\Admin\Desktop\20220622\database-system\AIMDB\latex\files.tex)
[5

] [6

]
Chapter 4.

(C:\Users\Admin\Desktop\20220622\database-system\AIMDB\latex\structAggreConditi
on.tex
LaTeX Font Info:    Font shape `T1/phv/bx/n' in size <12> not available
(Font)              Font shape `T1/phv/b/n' tried instead on input line 7.
LaTeX Font Info:    Font shape `T1/phv/b/n' will be
(Font)              scaled to size 10.79993pt on input line 7.
LaTeX Font Info:    Try loading font information for TS1+phv on input line 10.
 (D:\Softwares\CTEX\MiKTeX\tex\latex\psnfss\ts1phv.fd
File: ts1phv.fd 2001/06/04 scalable font definitions for TS1/phv.
)
LaTeX Font Info:    Font shape `TS1/phv/m/n' will be
(Font)              scaled to size 8.99994pt on input line 10.
)
(C:\Users\Admin\Desktop\20220622\database-system\AIMDB\latex\classBasicType.tex
 <C:/Users/Admin/Desktop/20220622/database-system/AIMDB/latex/classBasicType.pd
f> <classBasicType.pdf, id=6695, 501.875pt x 1104.125pt>
File: classBasicType.pdf Graphic file (type pdf)

<use classBasicType.pdf>
Package pdftex.def Info: classBasicType.pdf used on input line 10.
(pdftex.def)             Requested size: 142.26239pt x 312.9803pt.
 [7] [8]
LaTeX Font Info:    Font shape `T1/pcr/m/it' in size <8> not available
(Font)              Font shape `T1/pcr/m/sl' tried instead on input line 57.
 [9] [10])
(C:\Users\Admin\Desktop\20220622\database-system\AIMDB\latex\classbnode.tex
[11] [12])
(C:\Users\Admin\Desktop\20220622\database-system\AIMDB\latex\classCatalog.tex
[13]
LaTeX Font Info:    Font shape `T1/pcr/m/it' in size <7> not available
(Font)              Font shape `T1/pcr/m/sl' tried instead on input line 62.

Overfull \vbox (21.7323pt too high) has occurred while \output is active []


[14] [15] [16] [17] [18] [19])
(C:\Users\Admin\Desktop\20220622\database-system\AIMDB\latex\classColumn.tex <C
:/Users/Admin/Desktop/20220622/database-system/AIMDB/latex/classColumn.pdf>
<classColumn.pdf, id=7079, 501.875pt x 648.4225pt>
File: classColumn.pdf Graphic file (type pdf)
 <use classColumn.pdf>
Package pdftex.def Info: classColumn.pdf used on input line 10.
(pdftex.def)             Requested size: 44.04108pt x 56.9055pt.

Underfull \hbox (badness 10000) in paragraph at lines 52--53

 []

[20] [21] [22])
(C:\Users\Admin\Desktop\20220622\database-system\AIMDB\latex\structCondition.te
x [23])
(C:\Users\Admin\Desktop\20220622\database-system\AIMDB\latex\structConditions.t
ex [24])
(C:\Users\Admin\Desktop\20220622\database-system\AIMDB\latex\classDatabase.tex 
<C:/Users/Admin/Desktop/20220622/database-system/AIMDB/latex/classDatabase.pdf>
<classDatabase.pdf, id=7175, 501.875pt x 550.055pt>
File: classDatabase.pdf Graphic file (type pdf)
 <use classDatabase.pdf>
Package pdftex.def Info: classDatabase.pdf used on input line 10.
(pdftex.def)             Requested size: 51.92114pt x 56.9055pt.

[25]
Underfull \hbox (badness 10000) in paragraph at lines 46--47

 []

[26]
LaTeX Font Info:    Font shape `T1/phv/bx/n' in size <8> not available
(Font)              Font shape `T1/phv/b/n' tried instead on input line 111.
LaTeX Font Info:    Font shape `T1/phv/b/n' will be
(Font)              scaled to size 7.19995pt on input line 111.
LaTeX Font Info:    Font shape `T1/pcr/bx/n' in size <8> not available
(Font)              Font shape `T1/pcr/b/n' tried instead on input line 111.
 [27] [28]
Underfull \hbox (badness 10000) in paragraph at lines 197--198

 []

)
(C:\Users\Admin\Desktop\20220622\database-system\AIMDB\latex\classErrorLog.tex
[29]
LaTeX Font Info:    Font shape `T1/phv/m/n' will be
(Font)              scaled to size 8.09995pt on input line 46.
LaTeX Font Info:    Font shape `T1/phv/m/it' in size <9> not available
(Font)              Font shape `T1/phv/m/sl' tried instead on input line 46.
LaTeX Font Info:    Font shape `T1/phv/m/sl' will be
(Font)              scaled to size 8.09995pt on input line 46.
 [30] [31] [32] [33] [34] [35] [36])
(C:\Users\Admin\Desktop\20220622\database-system\AIMDB\latex\classExecutor.tex
[37]
Underfull \hbox (badness 10000) in paragraph at lines 33--34

 []

[38]
Underfull \hbox (badness 10000) detected at line 92
[][][]
 []

[39])
(C:\Users\Admin\Desktop\20220622\database-system\AIMDB\latex\classFilter.tex <C
:/Users/Admin/Desktop/20220622/database-system/AIMDB/latex/classFilter.pdf>
<classFilter.pdf, id=7404, 501.875pt x 566.115pt>
File: classFilter.pdf Graphic file (type pdf)
 <use classFilter.pdf>
Package pdftex.def Info: classFilter.pdf used on input line 10.
(pdftex.def)             Requested size: 50.44315pt x 56.9055pt.

[40] [41] [42]
Overfull \vbox (0.97621pt too high) has occurred while \output is active []


[43] [44] [45] [46]
Overfull \vbox (5.22255pt too high) has occurred while \output is active []


[47] [48])
(C:\Users\Admin\Desktop\20220622\database-system\AIMDB\latex\classGrAggRecord.t
ex [49]
Overfull \vbox (7.32764pt too high) has occurred while \output is active []


[50])
(C:\Users\Admin\Desktop\20220622\database-system\AIMDB\latex\structGroupbyAggre
_1_1group__by__hash.tex)
(C:\Users\Admin\Desktop\20220622\database-system\AIMDB\latex\structGroupbyAggre
_1_1group__by__key.tex [51])
(C:\Users\Admin\Desktop\20220622\database-system\AIMDB\latex\classGroupbyAggre.
tex <C:/Users/Admin/Desktop/20220622/database-system/AIMDB/latex/classGroupbyAg
gre.pdf> <classGroupbyAggre.pdf, id=7645, 501.875pt x 386.44376pt>
File: classGroupbyAggre.pdf Graphic file (type pdf)

<use classGroupbyAggre.pdf>
Package pdftex.def Info: classGroupbyAggre.pdf used on input line 10.
(pdftex.def)             Requested size: 73.89955pt x 56.9055pt.
 [52]
Underfull \hbox (badness 4181) in paragraph at lines 33--35
[]\T1/phv/m/n/10 void [] (std[]::vector$\OML/cmm/m/it/10 <$ \T1/phv/m/n/10 int6
4[]_[]t $\OML/cmm/m/it/10 >$ \T1/phv/m/n/10 input[]_[]colid, std[]::vector$\OML
/cmm/m/it/10 <$ \T1/phv/m/n/10 int64[]_[]t $\OML/cmm/m/it/10 >$ []\T1/phv/m/n/1
0 , std[]::vector$\OML/cmm/m/it/10 <$
 []

[53] [54] [55] [56]
Overfull \vbox (19.58559pt too high) has occurred while \output is active []


[57] [58] [59]
Overfull \vbox (6.64548pt too high) has occurred while \output is active []


[60] [61] [62] [63] [64]
Overfull \vbox (3.56435pt too high) has occurred while \output is active []


[65] [66] [67] [68]
Overfull \vbox (19.58559pt too high) has occurred while \output is active []


[69]
Overfull \vbox (19.58559pt too high) has occurred while \output is active []


[70]
Overfull \vbox (19.13431pt too high) has occurred while \output is active []


[71] [72] [73] [74] [75]
Underfull \hbox (badness 10000) in paragraph at lines 1151--1152
\T1/pcr/m/n/8 std[]::unordered[]_[]map$\OML/cmm/m/it/8 <$[]\T1/pcr/m/n/8 , [] $
\OMS/cmsy/m/n/8 $\T1/pcr/m/n/8 , []$\OML/cmm/m/it/8 >$ \T1/pcr/m/n/8 Groupby[]
Aggre[]::hash[]_[]group
 []

[76] [77])
(C:\Users\Admin\Desktop\20220622\database-system\AIMDB\latex\classHashCell.tex
Underfull \hbox (badness 10000) in paragraph at lines 26--27

 []

[78])
(C:\Users\Admin\Desktop\20220622\database-system\AIMDB\latex\classHashcode__Ptr
.tex [79])
(C:\Users\Admin\Desktop\20220622\database-system\AIMDB\latex\classHashIndex.tex
 <C:/Users/Admin/Desktop/20220622/database-system/AIMDB/latex/classHashIndex.pd
f> <classHashIndex.pdf, id=8173, 501.875pt x 762.85pt>
File: classHashIndex.pdf Graphic file (type pdf)

<use classHashIndex.pdf>
Package pdftex.def Info: classHashIndex.pdf used on input line 10.
(pdftex.def)             Requested size: 56.156pt x 85.35826pt.
 [80]
Underfull \hbox (badness 10000) in paragraph at lines 80--81

 []

[81] [82] [83] [84] [85] [86] [87] [88] [89])
(C:\Users\Admin\Desktop\20220622\database-system\AIMDB\latex\structHashInfo.tex

Underfull \hbox (badness 10000) in paragraph at lines 23--24

 []

[90])
(C:\Users\Admin\Desktop\20220622\database-system\AIMDB\latex\classHashJoin.tex 
<C:/Users/Admin/Desktop/20220622/database-system/AIMDB/latex/classHashJoin.pdf>
<classHashJoin.pdf, id=8378, 501.875pt x 825.0825pt>
File: classHashJoin.pdf Graphic file (type pdf)
 <use classHashJoin.pdf>
Package pdftex.def Info: classHashJoin.pdf used on input line 10.
(pdftex.def)             Requested size: 51.92114pt x 85.35826pt.

[91] [92] [93] [94] [95])
(C:\Users\Admin\Desktop\20220622\database-system\AIMDB\latex\classHashTable.tex
[96] [97] [98] [99] [100] [101])
(C:\Users\Admin\Desktop\20220622\database-system\AIMDB\latex\classIndex.tex <C:
/Users/Admin/Desktop/20220622/database-system/AIMDB/latex/classIndex.pdf>
<classIndex.pdf, id=8595, 501.875pt x 346.29375pt>
File: classIndex.pdf Graphic file (type pdf)
 <use classIndex.pdf>
Package pdftex.def Info: classIndex.pdf used on input line 10.
(pdftex.def)             Requested size: 123.70709pt x 85.35826pt.

[102]
Underfull \hbox (badness 10000) in paragraph at lines 90--91

 []

[103] [104] [105] [106] [107] [108]
Overfull \vbox (13.88908pt too high) has occurred while \output is active []


[109] [110] [111] [112] [113] [114]
Overfull \hbox (1.47571pt too wide) in paragraph at lines 1--1
 []\T1/phv/m/sl/10 int64[]
 []


Overfull \hbox (1.47571pt too wide) in paragraph at lines 1--1
 []\T1/phv/m/sl/10 int64[]
 []

[115])
(C:\Users\Admin\Desktop\20220622\database-system\AIMDB\latex\classIndexJoin.tex
 <C:/Users/Admin/Desktop/20220622/database-system/AIMDB/latex/classIndexJoin.pd
f> <classIndexJoin.pdf, id=8808, 501.875pt x 814.04124pt>
File: classIndexJoin.pdf Graphic file (type pdf)

<use classIndexJoin.pdf>
Package pdftex.def Info: classIndexJoin.pdf used on input line 10.
(pdftex.def)             Requested size: 52.61801pt x 85.35826pt.
 [116]
Overfull \vbox (34.4074pt too high) has occurred while \output is active []


[117] [118])
(C:\Users\Admin\Desktop\20220622\database-system\AIMDB\latex\classIndexScan.tex
[119] <C:/Users/Admin/Desktop/20220622/database-system/AIMDB/latex/classIndexSc
an.pdf> <classIndexScan.pdf, id=8876, 501.875pt x 508.90125pt>
File: classIndexScan.pdf Graphic file (type pdf)

<use classIndexScan.pdf>
Package pdftex.def Info: classIndexScan.pdf used on input line 10.
(pdftex.def)             Requested size: 56.1177pt x 56.9055pt.
 [120] [121] [122])
(C:\Users\Admin\Desktop\20220622\database-system\AIMDB\latex\classJoin.tex
[123] <C:/Users/Admin/Desktop/20220622/database-system/AIMDB/latex/classJoin.pd
f> <classJoin.pdf, id=8958, 501.875pt x 407.5225pt>
File: classJoin.pdf Graphic file (type pdf)
 <use classJoin.pdf>
Package pdftex.def Info: classJoin.pdf used on input line 10.
(pdftex.def)             Requested size: 105.12117pt x 85.35826pt.

[124] [125] [126] [127] [128])
(C:\Users\Admin\Desktop\20220622\database-system\AIMDB\latex\classKey.tex
[129]
Underfull \hbox (badness 10000) in paragraph at lines 30--31

 []

[130] [131])
(C:\Users\Admin\Desktop\20220622\database-system\AIMDB\latex\classMemory.tex
[132] [133] [134] [135])
(C:\Users\Admin\Desktop\20220622\database-system\AIMDB\latex\classMStorage.tex
Underfull \hbox (badness 10000) in paragraph at lines 45--46

 []

[136] [137] [138])
(C:\Users\Admin\Desktop\20220622\database-system\AIMDB\latex\classObject.tex <C
:/Users/Admin/Desktop/20220622/database-system/AIMDB/latex/classObject.pdf>
<classObject.pdf, id=9215, 501.875pt x 138.5175pt>
File: classObject.pdf Graphic file (type pdf)
 <use classObject.pdf>
Package pdftex.def Info: classObject.pdf used on input line 10.
(pdftex.def)             Requested size: 309.26775pt x 85.35826pt.

[139] [140] [141]
Underfull \hbox (badness 10000) in paragraph at lines 128--129

 []

)
(C:\Users\Admin\Desktop\20220622\database-system\AIMDB\latex\classOperator.tex 
<C:/Users/Admin/Desktop/20220622/database-system/AIMDB/latex/classOperator.pdf>
<classOperator.pdf, id=9285, 501.875pt x 83.31125pt>
File: classOperator.pdf Graphic file (type pdf)
 <use classOperator.pdf>
Package pdftex.def Info: classOperator.pdf used on input line 10.
(pdftex.def)             Requested size: 395.57326pt x 65.66023pt.

[142] [143] [144])
(C:\Users\Admin\Desktop\20220622\database-system\AIMDB\latex\classOrderby.tex <
C:/Users/Admin/Desktop/20220622/database-system/AIMDB/latex/classOrderby.pdf>
<classOrderby.pdf, id=9359, 501.875pt x 566.115pt>
File: classOrderby.pdf Graphic file (type pdf)
 <use classOrderby.pdf>
Package pdftex.def Info: classOrderby.pdf used on input line 10.
(pdftex.def)             Requested size: 50.44315pt x 56.9055pt.

[145] [146] [147] [148])
(C:\Users\Admin\Desktop\20220622\database-system\AIMDB\latex\classpbtree.tex
[149] [150] [151])
(C:\Users\Admin\Desktop\20220622\database-system\AIMDB\latex\classPbtree.texpdf
TeX warning (ext4): destination with the same identifier (name{classPbtree}) ha
s been already used, duplicate ignored
<to be read again> 
                   \relax 
l.1 \hypertarget{classPbtree}{}
                               \doxysection{Pbtree Class Reference} [152]pdfTeX
 warning (ext4): destination with the same identifier (name{classPbtree_a5536b4
32bcdc44da1a431010b5414800}) has been already used, duplicate ignored
<to be read again> 
                   \relax 
l.50 ...Pbtree_a5536b432bcdc44da1a431010b5414800}}
                                                  pdfTeX warning (ext4): destin
ation with the same identifier (name{classPbtree_a1353a92a4e21daad1dc503f911373
694}) has been already used, duplicate ignored
<to be read again> 
                   \relax 
l.56 ...Pbtree_a1353a92a4e21daad1dc503f911373694}}
                                                  pdfTeX warning (ext4): destin
ation with the same identifier (name{classPbtree_ad0b10d58a28d9c8e8ea7cb30f57e5
363}) has been already used, duplicate ignored
<to be read again> 
                   \relax 
l.62 ...Pbtree_ad0b10d58a28d9c8e8ea7cb30f57e5363}}
                                                  pdfTeX warning (ext4): destin
ation with the same identifier (name{classPbtree_a1bfe109e2e46760094feb05f1bf4e
23b}) has been already used, duplicate ignored
<to be read again> 
                   \relax 
l.68 ...Pbtree_a1bfe109e2e46760094feb05f1bf4e23b}}
                                                  pdfTeX warning (ext4): destin
ation with the same identifier (name{classPbtree_ad8b8472ce1f0bb1cde332deee72ad
457}) has been already used, duplicate ignored
<to be read again> 
                   \relax 
l.74 ...Pbtree_ad8b8472ce1f0bb1cde332deee72ad457}}
                                                   [153]pdfTeX warning (ext4): 
destination with the same identifier (name{classPbtree_aaa7fd10ef80f7e5931cadba
a98439036}) has been already used, duplicate ignored
<to be read again> 
                   \relax 
l.80 ...Pbtree_aaa7fd10ef80f7e5931cadbaa98439036}}
                                                  pdfTeX warning (ext4): destin
ation with the same identifier (name{classPbtree_a561753cdbae6a0960e4e54c31a79a
a55}) has been already used, duplicate ignored
<to be read again> 
                   \relax 
l.86 ...Pbtree_a561753cdbae6a0960e4e54c31a79aa55}}
                                                  pdfTeX warning (ext4): destin
ation with the same identifier (name{classPbtree_aaa2248cc2d4d5a6a20f5b309dfc87
eb4}) has been already used, duplicate ignored
<to be read again> 
                   \relax 
l.92 ...Pbtree_aaa2248cc2d4d5a6a20f5b309dfc87eb4}}
                                                  pdfTeX warning (ext4): destin
ation with the same identifier (name{classPbtree_abb8fe5c586508c20b46a53cc49b66
47f}) has been already used, duplicate ignored
<to be read again> 
                   \relax 
l.98 ...Pbtree_abb8fe5c586508c20b46a53cc49b6647f}}
                                                  pdfTeX warning (ext4): destin
ation with the same identifier (name{classPbtree_aad351f0e8d1de3e948e4ce5fe02e7
76f}) has been already used, duplicate ignored
<to be read again> 
                   \relax 
l.104 ...btree_aad351f0e8d1de3e948e4ce5fe02e776f}}
                                                  pdfTeX warning (ext4): destin
ation with the same identifier (name{classPbtree_ac1bbab724157bbdc6c364339e5c11
3d8}) has been already used, duplicate ignored
<to be read again> 
                   \relax 
l.110 ...btree_ac1bbab724157bbdc6c364339e5c113d8}}
                                                  pdfTeX warning (ext4): destin
ation with the same identifier (name{classPbtree_a81e64f784a553795cc8999c9e8111
919}) has been already used, duplicate ignored
<to be read again> 
                   \relax 
l.116 ...btree_a81e64f784a553795cc8999c9e8111919}}
                                                   [154]pdfTeX warning (ext4): 
destination with the same identifier (name{classPbtree_a6aa106c9d5df8cdb793555a
b1e4ff48a}) has been already used, duplicate ignored
<to be read again> 
                   \relax 
l.122 ...btree_a6aa106c9d5df8cdb793555ab1e4ff48a}}
                                                  pdfTeX warning (ext4): destin
ation with the same identifier (name{classPbtree_a00f3ee11e104c3f5f8422e5daa059
dc3}) has been already used, duplicate ignored
<to be read again> 
                   \relax 
l.128 ...btree_a00f3ee11e104c3f5f8422e5daa059dc3}}
                                                  pdfTeX warning (ext4): destin
ation with the same identifier (name{classPbtree_a8487dfbfc6c80d494d1a145da8813
689}) has been already used, duplicate ignored
<to be read again> 
                   \relax 
l.134 ...btree_a8487dfbfc6c80d494d1a145da8813689}}
                                                  pdfTeX warning (ext4): destin
ation with the same identifier (name{classPbtree_aa5d91166be68c8cd922b4ebd3b72c
348}) has been already used, duplicate ignored
<to be read again> 
                   \relax 
l.143 ...btree_aa5d91166be68c8cd922b4ebd3b72c348}}
                                                  pdfTeX warning (ext4): destin
ation with the same identifier (name{classPbtree_a5d840e4b413f21c5d16674b89593e
4e4}) has been already used, duplicate ignored
<to be read again> 
                   \relax 
l.149 ...btree_a5d840e4b413f21c5d16674b89593e4e4}}
                                                   [155])
(C:\Users\Admin\Desktop\20220622\database-system\AIMDB\latex\classPbtreeIndex.t
ex <C:/Users/Admin/Desktop/20220622/database-system/AIMDB/latex/classPbtreeInde
x.pdf> <classPbtreeIndex.pdf, id=9554, 501.875pt x 692.5875pt>
File: classPbtreeIndex.pdf Graphic file (type pdf)

<use classPbtreeIndex.pdf>
Package pdftex.def Info: classPbtreeIndex.pdf used on input line 10.
(pdftex.def)             Requested size: 61.85355pt x 85.35826pt.
 [156]
Overfull \vbox (7.04373pt too high) has occurred while \output is active []


[157] [158] [159] [160] [161])
(C:\Users\Admin\Desktop\20220622\database-system\AIMDB\latex\structPbtreeInfo.t
ex
Underfull \hbox (badness 10000) in paragraph at lines 39--40

 []

[162] [163])
(C:\Users\Admin\Desktop\20220622\database-system\AIMDB\latex\classPointer8B.tex
[164] [165])
(C:\Users\Admin\Desktop\20220622\database-system\AIMDB\latex\classProject.tex <
C:/Users/Admin/Desktop/20220622/database-system/AIMDB/latex/classProject.pdf>
<classProject.pdf, id=9742, 501.875pt x 566.115pt>
File: classProject.pdf Graphic file (type pdf)
 <use classProject.pdf>
Package pdftex.def Info: classProject.pdf used on input line 10.
(pdftex.def)             Requested size: 50.44315pt x 56.9055pt.

[166] [167]
Overfull \vbox (4.68286pt too high) has occurred while \output is active []


[168] [169] [170]
Underfull \hbox (badness 10000) detected at line 209
[][][]
 []

[171] [172])
(C:\Users\Admin\Desktop\20220622\database-system\AIMDB\latex\structRequestColum
n.tex [173])
(C:\Users\Admin\Desktop\20220622\database-system\AIMDB\latex\structRequestTable
.tex)
(C:\Users\Admin\Desktop\20220622\database-system\AIMDB\latex\classResultTable.t
ex [174]
Underfull \hbox (badness 10000) in paragraph at lines 48--49

 []

[175]
Underfull \hbox (badness 10000) detected at line 67
[][][]
 []

[176] [177] [178])
(C:\Users\Admin\Desktop\20220622\database-system\AIMDB\latex\classRowTable.tex 
<C:/Users/Admin/Desktop/20220622/database-system/AIMDB/latex/classRowTable.pdf>
<classRowTable.pdf, id=9940, 501.875pt x 803.0pt>
File: classRowTable.pdf Graphic file (type pdf)
 <use classRowTable.pdf>
Package pdftex.def Info: classRowTable.pdf used on input line 10.
(pdftex.def)             Requested size: 53.34552pt x 85.35826pt.

[179]
Underfull \hbox (badness 10000) in paragraph at lines 89--90

 []

[180] [181] [182] [183] [184] [185] [186] [187] [188] [189] [190] [191]
Underfull \hbox (badness 10000) in paragraph at lines 705--706

 []

)
(C:\Users\Admin\Desktop\20220622\database-system\AIMDB\latex\classRPattern.tex
[192] [193] [194] [195])
(C:\Users\Admin\Desktop\20220622\database-system\AIMDB\latex\classScan.tex <C:/
Users/Admin/Desktop/20220622/database-system/AIMDB/latex/classScan.pdf>
<classScan.pdf, id=10237, 501.875pt x 566.115pt>
File: classScan.pdf Graphic file (type pdf)
 <use classScan.pdf>
Package pdftex.def Info: classScan.pdf used on input line 10.
(pdftex.def)             Requested size: 50.44315pt x 56.9055pt.
 [196]
[197] [198] [199])
(C:\Users\Admin\Desktop\20220622\database-system\AIMDB\latex\classSelectQuery.t
ex
Underfull \hbox (badness 10000) in paragraph at lines 35--36

 []

[200] [201])
(C:\Users\Admin\Desktop\20220622\database-system\AIMDB\latex\classTable.tex <C:
/Users/Admin/Desktop/20220622/database-system/AIMDB/latex/classTable.pdf>
<classTable.pdf, id=10334, 501.875pt x 803.0pt>
File: classTable.pdf Graphic file (type pdf)
 <use classTable.pdf>
Package pdftex.def Info: classTable.pdf used on input line 10.
(pdftex.def)             Requested size: 53.34552pt x 85.35826pt.
 [202]
Underfull \hbox (badness 10000) in paragraph at lines 98--99

 []

[203] [204] [205] [206] [207] [208] [209] [210] [211]
Overfull \vbox (33.13394pt too high) has occurred while \output is active []


[212] [213] [214])
(C:\Users\Admin\Desktop\20220622\database-system\AIMDB\latex\classTypeCharN.tex
 <C:/Users/Admin/Desktop/20220622/database-system/AIMDB/latex/classTypeCharN.pd
f> <classTypeCharN.pdf, id=10519, 501.875pt x 472.76625pt>
File: classTypeCharN.pdf Graphic file (type pdf)

<use classTypeCharN.pdf>
Package pdftex.def Info: classTypeCharN.pdf used on input line 10.
(pdftex.def)             Requested size: 60.40619pt x 56.9055pt.
 [215] [216] [217])
(C:\Users\Admin\Desktop\20220622\database-system\AIMDB\latex\classTypeDate.tex 
<C:/Users/Admin/Desktop/20220622/database-system/AIMDB/latex/classTypeDate.pdf>
<classTypeDate.pdf, id=10569, 501.875pt x 508.90125pt>
File: classTypeDate.pdf Graphic file (type pdf)
 <use classTypeDate.pdf>
Package pdftex.def Info: classTypeDate.pdf used on input line 10.
(pdftex.def)             Requested size: 56.1177pt x 56.9055pt.

[218] [219] [220])
(C:\Users\Admin\Desktop\20220622\database-system\AIMDB\latex\classTypeDateTime.
tex <C:/Users/Admin/Desktop/20220622/database-system/AIMDB/latex/classTypeDateT
ime.pdf> <classTypeDateTime.pdf, id=10614, 501.875pt x 401.5pt>
File: classTypeDateTime.pdf Graphic file (type pdf)

<use classTypeDateTime.pdf>
Package pdftex.def Info: classTypeDateTime.pdf used on input line 10.
(pdftex.def)             Requested size: 71.12737pt x 56.9055pt.
 [221] [222] [223])
(C:\Users\Admin\Desktop\20220622\database-system\AIMDB\latex\classTypeFloat32.t
ex <C:/Users/Admin/Desktop/20220622/database-system/AIMDB/latex/classTypeFloat3
2.pdf> <classTypeFloat32.pdf, id=10660, 501.875pt x 446.66875pt>
File: classTypeFloat32.pdf Graphic file (type pdf)

<use classTypeFloat32.pdf>
Package pdftex.def Info: classTypeFloat32.pdf used on input line 10.
(pdftex.def)             Requested size: 63.93652pt x 56.9055pt.
 [224] [225] [226])
(C:\Users\Admin\Desktop\20220622\database-system\AIMDB\latex\classTypeFloat64.t
ex <C:/Users/Admin/Desktop/20220622/database-system/AIMDB/latex/classTypeFloat6
4.pdf> <classTypeFloat64.pdf, id=10705, 501.875pt x 446.66875pt>
File: classTypeFloat64.pdf Graphic file (type pdf)

<use classTypeFloat64.pdf>
Package pdftex.def Info: classTypeFloat64.pdf used on input line 10.
(pdftex.def)             Requested size: 63.93652pt x 56.9055pt.
 [227] [228] [229])
(C:\Users\Admin\Desktop\20220622\database-system\AIMDB\latex\classTypeInt16.tex
 <C:/Users/Admin/Desktop/20220622/database-system/AIMDB/latex/classTypeInt16.pd
f> <classTypeInt16.pdf, id=10751, 501.875pt x 508.90125pt>
File: classTypeInt16.pdf Graphic file (type pdf)

<use classTypeInt16.pdf>
Package pdftex.def Info: classTypeInt16.pdf used on input line 10.
(pdftex.def)             Requested size: 56.1177pt x 56.9055pt.
 [230] [231] [232])
(C:\Users\Admin\Desktop\20220622\database-system\AIMDB\latex\classTypeInt32.tex
 <C:/Users/Admin/Desktop/20220622/database-system/AIMDB/latex/classTypeInt32.pd
f> <classTypeInt32.pdf, id=10796, 501.875pt x 508.90125pt>
File: classTypeInt32.pdf Graphic file (type pdf)

<use classTypeInt32.pdf>
Package pdftex.def Info: classTypeInt32.pdf used on input line 10.
(pdftex.def)             Requested size: 56.1177pt x 56.9055pt.
 [233] [234] [235])
(C:\Users\Admin\Desktop\20220622\database-system\AIMDB\latex\classTypeInt64.tex
 <C:/Users/Admin/Desktop/20220622/database-system/AIMDB/latex/classTypeInt64.pd
f> <classTypeInt64.pdf, id=10842, 501.875pt x 508.90125pt>
File: classTypeInt64.pdf Graphic file (type pdf)

<use classTypeInt64.pdf>
Package pdftex.def Info: classTypeInt64.pdf used on input line 10.
(pdftex.def)             Requested size: 56.1177pt x 56.9055pt.
 [236] [237] [238])
(C:\Users\Admin\Desktop\20220622\database-system\AIMDB\latex\classTypeInt8.tex 
<C:/Users/Admin/Desktop/20220622/database-system/AIMDB/latex/classTypeInt8.pdf>
<classTypeInt8.pdf, id=10887, 501.875pt x 508.90125pt>
File: classTypeInt8.pdf Graphic file (type pdf)
 <use classTypeInt8.pdf>
Package pdftex.def Info: classTypeInt8.pdf used on input line 10.
(pdftex.def)             Requested size: 56.1177pt x 56.9055pt.

[239] [240] [241])
(C:\Users\Admin\Desktop\20220622\database-system\AIMDB\latex\classTypeTime.tex 
<C:/Users/Admin/Desktop/20220622/database-system/AIMDB/latex/classTypeTime.pdf>
<classTypeTime.pdf, id=10933, 501.875pt x 508.90125pt>
File: classTypeTime.pdf Graphic file (type pdf)
 <use classTypeTime.pdf>
Package pdftex.def Info: classTypeTime.pdf used on input line 10.
(pdftex.def)             Requested size: 56.1177pt x 56.9055pt.

[242] [243] [244]) [245] [246

]
Chapter 5.
(C:\Users\Admin\Desktop\20220622\database-system\AIMDB\latex\catalog_8cc.tex
Underfull \hbox (badness 10000) in paragraph at lines 3--4

 []


Underfull \hbox (badness 10000) detected at line 12
[][][]
 []


Underfull \hbox (badness 10000) detected at line 15
[][][]
 []

) (C:\Users\Admin\Desktop\20220622\database-system\AIMDB\latex\catalog_8d.tex)
(C:\Users\Admin\Desktop\20220622\database-system\AIMDB\latex\catalog_8h.tex
Underfull \hbox (badness 10000) in paragraph at lines 3--9

 []

[247]
Underfull \hbox (badness 10000) detected at line 22
[][][]
 []


Underfull \hbox (badness 10000) detected at line 25
[][][]
 []

pdfTeX warning (ext4): destination with the same identifier (name{schema_8h_DES
CRIPTION}) has been already used, duplicate ignored
<to be read again> 
                   \relax 
l.28 \hypertarget{schema_8h_DESCRIPTION}{}
                                          \doxysubsection{DESCRIPTION}\label...
)
(C:\Users\Admin\Desktop\20220622\database-system\AIMDB\latex\catalog_8h_source.
tex [248])
(C:\Users\Admin\Desktop\20220622\database-system\AIMDB\latex\datatype_8h.tex
Underfull \hbox (badness 10000) in paragraph at lines 3--7

 []

[249]
Underfull \hbox (badness 10000) detected at line 55
[][][]
 []


Underfull \hbox (badness 10000) detected at line 58
[][][]
 []

pdfTeX warning (ext4): destination with the same identifier (name{schema_8h_DES
CRIPTION}) has been already used, duplicate ignored
<to be read again> 
                   \relax 
l.61 \hypertarget{schema_8h_DESCRIPTION}{}
                                          \doxysubsection{DESCRIPTION}\label...
[250])
(C:\Users\Admin\Desktop\20220622\database-system\AIMDB\latex\datatype_8h_source
.tex [251] [252] [253] [254] [255])
(C:\Users\Admin\Desktop\20220622\database-system\AIMDB\latex\errorlog_8cc.tex
Underfull \hbox (badness 10000) in paragraph at lines 3--10

 []

[256]
Underfull \hbox (badness 10000) detected at line 25
[][][]
 []


Underfull \hbox (badness 10000) detected at line 28
[][][]
 []

) (C:\Users\Admin\Desktop\20220622\database-system\AIMDB\latex\errorlog_8d.tex)
(C:\Users\Admin\Desktop\20220622\database-system\AIMDB\latex\errorlog_8h.tex
Underfull \hbox (badness 10000) in paragraph at lines 3--8

 []

[257] [258]
Underfull \hbox (badness 10000) detected at line 70
[][][]
 []


Underfull \hbox (badness 10000) detected at line 73
[][][]
 []

pdfTeX warning (ext4): destination with the same identifier (name{errorlog_8h_D
escription}) has been already used, duplicate ignored
<to be read again> 
                   \relax 
l.76 \hypertarget{errorlog_8h_Description}{}
                                            \doxysubsection{Description}\lab...

Underfull \hbox (badness 6675) in paragraph at lines 107--108
[][]\T1/phv/m/n/10 ; []; [];
 []

[259] [260] [261] [262])
(C:\Users\Admin\Desktop\20220622\database-system\AIMDB\latex\errorlog_8h_source
.tex [263] [264])
(C:\Users\Admin\Desktop\20220622\database-system\AIMDB\latex\executor_8cc.tex
Underfull \hbox (badness 10000) in paragraph at lines 3--4

 []

[265]
Underfull \hbox (badness 10000) detected at line 16
[][][]
 []


Underfull \hbox (badness 10000) detected at line 19
[][][]
 []

pdfTeX warning (ext4): destination with the same identifier (name{schema_8h_DES
CRIPTION}) has been already used, duplicate ignored
<to be read again> 
                   \relax 
l.22 \hypertarget{schema_8h_DESCRIPTION}{}
                                          \doxysubsection{DESCRIPTION}\label...
[266]
Underfull \hbox (badness 10000) detected at line 54
[][][]
 []

) (C:\Users\Admin\Desktop\20220622\database-system\AIMDB\latex\executor_8d.tex)
(C:\Users\Admin\Desktop\20220622\database-system\AIMDB\latex\executor_8h.tex
Underfull \hbox (badness 10000) in paragraph at lines 3--8

 []

[267]
Underfull \hbox (badness 10000) detected at line 89
[][][]
 []


Underfull \hbox (badness 10000) detected at line 92
[][][]
 []

pdfTeX warning (ext4): destination with the same identifier (name{schema_8h_DES
CRIPTION}) has been already used, duplicate ignored
<to be read again> 
                   \relax 
l.95 \hypertarget{schema_8h_DESCRIPTION}{}
                                          \doxysubsection{DESCRIPTION}\label...
[268] [269]
Underfull \hbox (badness 10000) detected at line 202
[][][]
 []

)
(C:\Users\Admin\Desktop\20220622\database-system\AIMDB\latex\executor_8h_source
.tex [270] [271] [272] [273] [274] [275] [276] [277] [278])
(C:\Users\Admin\Desktop\20220622\database-system\AIMDB\latex\gcc__pf__p3_8h.tex
[279])
(C:\Users\Admin\Desktop\20220622\database-system\AIMDB\latex\gcc__pf__p3_8h_sou
rce.tex [280])
(C:\Users\Admin\Desktop\20220622\database-system\AIMDB\latex\global_8cc.tex
Underfull \hbox (badness 10000) in paragraph at lines 3--4

 []

[281])
(C:\Users\Admin\Desktop\20220622\database-system\AIMDB\latex\global_8d.tex)
(C:\Users\Admin\Desktop\20220622\database-system\AIMDB\latex\global_8h.tex
Underfull \hbox (badness 10000) in paragraph at lines 3--5

 []

[282])
(C:\Users\Admin\Desktop\20220622\database-system\AIMDB\latex\global_8h_source.t
ex)
(C:\Users\Admin\Desktop\20220622\database-system\AIMDB\latex\hashindex_8cc.tex
Underfull \hbox (badness 10000) in paragraph at lines 3--4

 []

[283]
Underfull \hbox (badness 10000) detected at line 7
[][][]
 []


Underfull \hbox (badness 10000) detected at line 10
[][][]
 []

pdfTeX warning (ext4): destination with the same identifier (name{schema_8h_DES
CRIPTION}) has been already used, duplicate ignored
<to be read again> 
                   \relax 
l.13 \hypertarget{schema_8h_DESCRIPTION}{}
                                          \doxysubsection{DESCRIPTION}\label...
) (C:\Users\Admin\Desktop\20220622\database-system\AIMDB\latex\hashindex_8d.tex
) (C:\Users\Admin\Desktop\20220622\database-system\AIMDB\latex\hashindex_8h.tex

Underfull \hbox (badness 10000) in paragraph at lines 3--5

 []

[284]
Underfull \hbox (badness 10000) detected at line 20
[][][]
 []


Underfull \hbox (badness 10000) detected at line 23
[][][]
 []

pdfTeX warning (ext4): destination with the same identifier (name{schema_8h_DES
CRIPTION}) has been already used, duplicate ignored
<to be read again> 
                   \relax 
l.26 \hypertarget{schema_8h_DESCRIPTION}{}
                                          \doxysubsection{DESCRIPTION}\label...
)
(C:\Users\Admin\Desktop\20220622\database-system\AIMDB\latex\hashindex_8h_sourc
e.tex [285])
(C:\Users\Admin\Desktop\20220622\database-system\AIMDB\latex\hashtable_8cc.tex
Underfull \hbox (badness 10000) in paragraph at lines 3--4

 []

) (C:\Users\Admin\Desktop\20220622\database-system\AIMDB\latex\hashtable_8d.tex
[286])
(C:\Users\Admin\Desktop\20220622\database-system\AIMDB\latex\hashtable_8h.tex
Underfull \hbox (badness 10000) in paragraph at lines 3--9

 []

)
(C:\Users\Admin\Desktop\20220622\database-system\AIMDB\latex\hashtable_8h_sourc
e.tex [287] [288])
(C:\Users\Admin\Desktop\20220622\database-system\AIMDB\latex\mymemory_8cc.tex
Underfull \hbox (badness 10000) in paragraph at lines 3--4

 []


Underfull \hbox (badness 10000) detected at line 12
[][][]
 []

pdfTeX warning (ext4): destination with the same identifier (name{schema_8h_DES
CRIPTION}) has been already used, duplicate ignored
<to be read again> 
                   \relax 
l.15 \hypertarget{schema_8h_DESCRIPTION}{}
                                          \doxysubsection{DESCRIPTION}\label...
) (C:\Users\Admin\Desktop\20220622\database-system\AIMDB\latex\mymemory_8d.tex)
(C:\Users\Admin\Desktop\20220622\database-system\AIMDB\latex\mymemory_8h.tex
Underfull \hbox (badness 10000) in paragraph at lines 3--7

 []

[289]
Underfull \hbox (badness 10000) detected at line 35
[][][]
 []

pdfTeX warning (ext4): destination with the same identifier (name{schema_8h_DES
CRIPTION}) has been already used, duplicate ignored
<to be read again> 
                   \relax 
l.38 \hypertarget{schema_8h_DESCRIPTION}{}
                                          \doxysubsection{DESCRIPTION}\label...
[290])
(C:\Users\Admin\Desktop\20220622\database-system\AIMDB\latex\mymemory_8h_source
.tex [291])
(C:\Users\Admin\Desktop\20220622\database-system\AIMDB\latex\nodepref_8h.tex
Underfull \hbox (badness 10000) in paragraph at lines 3--4

 []

[292])
(C:\Users\Admin\Desktop\20220622\database-system\AIMDB\latex\nodepref_8h_source
.tex [293] [294] [295] [296])
(C:\Users\Admin\Desktop\20220622\database-system\AIMDB\latex\pbtree_8cc.tex
Underfull \hbox (badness 10000) in paragraph at lines 3--4

 []


Underfull \hbox (badness 10000) detected at line 18
[][][]
 []


Underfull \hbox (badness 10000) detected at line 21
[][][]
 []

pdfTeX warning (ext4): destination with the same identifier (name{schema_8h_DES
CRIPTION}) has been already used, duplicate ignored
<to be read again> 
                   \relax 
l.25 TBD\hypertarget{schema_8h_DESCRIPTION}{}
                                             \doxysubsection{DESCRIPTION}\la...
[297])
(C:\Users\Admin\Desktop\20220622\database-system\AIMDB\latex\pbtree_8d.tex)
(C:\Users\Admin\Desktop\20220622\database-system\AIMDB\latex\pbtree_8h.tex
Underfull \hbox (badness 10000) in paragraph at lines 3--8

 []

[298pdfTeX warning (ext4): destination with the same identifier (name{pbtree_8c
c_a4d2adc03a0f40c87fd5b0c9226947427}) has been already used, duplicate ignored

\AtBegShi@Output ...ipout \box \AtBeginShipoutBox 
                                                  \fi \fi 
l.43 \end{DoxyCompactItemize}
                             pdfTeX warning (ext4): destination with the same i
dentifier (name{pbtree_8cc_a66b5ff6bcc63254616a88a910fc8c37a}) has been already
 used, duplicate ignored

\AtBegShi@Output ...ipout \box \AtBeginShipoutBox 
                                                  \fi \fi 
l.43 \end{DoxyCompactItemize}
                             ]
Underfull \hbox (badness 10000) detected at line 52
[][][]
 []


Underfull \hbox (badness 10000) detected at line 55
[][][]
 []

pdfTeX warning (ext4): destination with the same identifier (name{pbtree_8h_LIC
ENSE}) has been already used, duplicate ignored
<to be read again> 
                   \relax 
l.58 \hypertarget{pbtree_8h_LICENSE}{}
                                      \doxysubsection{LICENSE}\label{pbtree_...
pdfTeX warning (ext4): destination with the same identifier (name{schema_8h_DES
CRIPTION}) has been already used, duplicate ignored
<to be read again> 
                   \relax 
l.59 TBD\hypertarget{schema_8h_DESCRIPTION}{}
                                             \doxysubsection{DESCRIPTION}\la...
[299] [300])
(C:\Users\Admin\Desktop\20220622\database-system\AIMDB\latex\pbtree_8h_source.t
ex [301] [302] [303] [304])
(C:\Users\Admin\Desktop\20220622\database-system\AIMDB\latex\pbtreeindex_8cc.te
x)
(C:\Users\Admin\Desktop\20220622\database-system\AIMDB\latex\pbtreeindex_8d.tex
)
(C:\Users\Admin\Desktop\20220622\database-system\AIMDB\latex\pbtreeindex_8h.tex

Underfull \hbox (badness 10000) in paragraph at lines 3--5

 []

[305]
Underfull \hbox (badness 10000) detected at line 20
[][][]
 []


Underfull \hbox (badness 10000) detected at line 23
[][][]
 []

pdfTeX warning (ext4): destination with the same identifier (name{schema_8h_DES
CRIPTION}) has been already used, duplicate ignored
<to be read again> 
                   \relax 
l.26 \hypertarget{schema_8h_DESCRIPTION}{}
                                          \doxysubsection{DESCRIPTION}\label...
)
(C:\Users\Admin\Desktop\20220622\database-system\AIMDB\latex\pbtreeindex_8h_sou
rce.tex [306])
(C:\Users\Admin\Desktop\20220622\database-system\AIMDB\latex\rowtable_8cc.tex
Underfull \hbox (badness 10000) in paragraph at lines 3--4

 []


Underfull \hbox (badness 10000) detected at line 7
[][][]
 []


Underfull \hbox (badness 10000) detected at line 10
[][][]
 []

pdfTeX warning (ext4): destination with the same identifier (name{schema_8h_DES
CRIPTION}) has been already used, duplicate ignored
<to be read again> 
                   \relax 
l.13 \hypertarget{schema_8h_DESCRIPTION}{}
                                          \doxysubsection{DESCRIPTION}\label...
) (C:\Users\Admin\Desktop\20220622\database-system\AIMDB\latex\rowtable_8d.tex)
(C:\Users\Admin\Desktop\20220622\database-system\AIMDB\latex\rowtable_8h.tex
Underfull \hbox (badness 10000) in paragraph at lines 3--5

 []

[307]
Underfull \hbox (badness 10000) detected at line 22
[][][]
 []


Underfull \hbox (badness 10000) detected at line 25
[][][]
 []

pdfTeX warning (ext4): destination with the same identifier (name{schema_8h_DES
CRIPTION}) has been already used, duplicate ignored
<to be read again> 
                   \relax 
l.28 \hypertarget{schema_8h_DESCRIPTION}{}
                                          \doxysubsection{DESCRIPTION}\label...
)
(C:\Users\Admin\Desktop\20220622\database-system\AIMDB\latex\rowtable_8h_source
.tex [308] [309]
Overfull \hbox (78.1555pt too wide) in paragraph at lines 164--164
[]\T1/pcr/m/n/7 //-------------------------------------------------------------
---------------------------------------------------------[]  
 []

[310]
Overfull \hbox (86.5555pt too wide) in paragraph at lines 199--199
[]\T1/pcr/m/n/7 //-------------------------------------------------------------
-----------------------------------------------------------[]  
 []

) (C:\Users\Admin\Desktop\20220622\database-system\AIMDB\latex\runaimdb_8cc.tex

Underfull \hbox (badness 10000) in paragraph at lines 3--8

 []

[311]
Underfull \hbox (badness 10000) detected at line 33
[][][]
 []


Underfull \hbox (badness 10000) detected at line 36
[][][]
 []

pdfTeX warning (ext4): destination with the same identifier (name{schema_8h_DES
CRIPTION}) has been already used, duplicate ignored
<to be read again> 
                   \relax 
l.39 \hypertarget{schema_8h_DESCRIPTION}{}
                                          \doxysubsection{DESCRIPTION}\label...
[312] [313])
(C:\Users\Admin\Desktop\20220622\database-system\AIMDB\latex\runaimdb_8d.tex)
(C:\Users\Admin\Desktop\20220622\database-system\AIMDB\latex\schema_8h.tex
Underfull \hbox (badness 10000) in paragraph at lines 3--9

 []

[314]
Underfull \hbox (badness 10000) detected at line 77
[][][]
 []


Underfull \hbox (badness 10000) detected at line 80
[][][]
 []

pdfTeX warning (ext4): destination with the same identifier (name{schema_8h_DES
CRIPTION}) has been already used, duplicate ignored
<to be read again> 
                   \relax 
l.83 \hypertarget{schema_8h_DESCRIPTION}{}
                                          \doxysubsection{DESCRIPTION}\label...
[315]
Underfull \hbox (badness 10000) in paragraph at lines 163--164

 []

[316]
Underfull \hbox (badness 10000) in paragraph at lines 229--230

 []

)
(C:\Users\Admin\Desktop\20220622\database-system\AIMDB\latex\schema_8h_source.t
ex [317] [318] [319] [320] [321] [322] [323]) [324]
(C:\Users\Admin\Desktop\20220622\database-system\AIMDB\latex\refman.ind
[325



] [326] [327] [328] [329] [330] [331] [332] [333] [334] [335] [336]
[337] [338] [339] [340] [341] [342] [343] [344] [345] [346

])
Package atveryend Info: Empty hook `BeforeClearDocument' on input line 300.
Package atveryend Info: Empty hook `AfterLastShipout' on input line 300.

(C:\Users\Admin\Desktop\20220622\database-system\AIMDB\latex\refman.aux)
Package atveryend Info: Executing hook `AtVeryEndDocument' on input line 300.
Package atveryend Info: Executing hook `AtEndAfterFileList' on input line 300.
Package rerunfilecheck Info: File `refman.out' has not changed.
(rerunfilecheck)             Checksum: 24484C95DA058438142AC41536386014;240390.



LaTeX Warning: There were undefined references.


LaTeX Warning: There were multiply-defined labels.

 ) 
Here is how much of TeX's memory you used:
 19422 strings out of 495354
 367035 string characters out of 3183299
 416381 words of memory out of 3000000
 18835 multiletter control sequences out of 15000+200000
 65238 words of font info for 93 fonts, out of 3000000 for 9000
 14 hyphenation exceptions out of 8191
 53i,16n,92p,1082b,1282s stack positions out of 5000i,500n,10000p,200000b,50000s
pdfTeX warning (dest): name{classpbtree_aa09eb2cbdddd72caa23c4c71d22d3311} ha
s been referenced but does not exist, replaced by a fixed one

pdfTeX warning (dest): name{classpbtree_ab78d81b730c7c4c8c455a02a4a01a911} has 
been referenced but does not exist, replaced by a fixed one

pdfTeX warning (dest): name{classpbtree_a32f4274b4f8bdece07c8412b31bea09c} has 
been referenced but does not exist, replaced by a fixed one

pdfTeX warning (dest): name{classpbtree_a8f255fae6962a4a2cb3651b75f533c17} has 
been referenced but does not exist, replaced by a fixed one

pdfTeX warning (dest): name{classpbtree_a8fe423193146c71ae39dcd9f294ef75c} has 
been referenced but does not exist, replaced by a fixed one

pdfTeX warning (dest): name{classpbtree_a0346d853e85687cf995d13a3c962953d} has 
been referenced but does not exist, replaced by a fixed one

pdfTeX warning (dest): name{classpbtree_ae8c452b86a11abdc7254dd7372bd7be8} has 
been referenced but does not exist, replaced by a fixed one

pdfTeX warning (dest): name{classpbtree_a19c3b80cbe6be3355d075885a81889b2} has 
been referenced but does not exist, replaced by a fixed one

pdfTeX warning (dest): name{classpbtree_ad3a6221ff587a9d38088707ee0fdd251} has 
been referenced but does not exist, replaced by a fixed one

pdfTeX warning (dest): name{classpbtree_a27b13b0c840fa8a9f805212515885f10} has 
been referenced but does not exist, replaced by a fixed one

pdfTeX warning (dest): name{classpbtree_aaf13b93a0d41d3cb2a894d52d105e227} has 
been referenced but does not exist, replaced by a fixed one

pdfTeX warning (dest): name{classpbtree_a8149f8ef0d8116b6211f8ba53b081da6} has 
been referenced but does not exist, replaced by a fixed one

pdfTeX warning (dest): name{classpbtree_ae0fdce71f1430daa2a16a20990158090} has 
been referenced but does not exist, replaced by a fixed one

pdfTeX warning (dest): name{classpbtree_af55cf7b6846580942b6c51d0edabc50b} has 
been referenced but does not exist, replaced by a fixed one

pdfTeX warning (dest): name{classpbtree_abc2f74dedd89f2896c2069e16ad58217} has 
been referenced but does not exist, replaced by a fixed one

pdfTeX warning (dest): name{classpbtree_a540fa835fe35a2e6e0efe8d7679ea928} has 
been referenced but does not exist, replaced by a fixed one

pdfTeX warning (dest): name{classpbtree_a14c97d319e839973591d36c1509066b9} has 
been referenced but does not exist, replaced by a fixed one

pdfTeX warning (dest): name{classpbtree_a06a903e485e339e51149f380c34199d8} has 
been referenced but does not exist, replaced by a fixed one

pdfTeX warning (dest): name{classpbtree_ac227b6396cefa5649c95baa29a99e77b} has 
been referenced but does not exist, replaced by a fixed one

pdfTeX warning (dest): name{classpbtree_a610c3d126218c0c0ad620e25d46f0395} has 
been referenced but does not exist, replaced by a fixed one

pdfTeX warning (dest): name{classpbtree_a0797030a3f15fa4f72111fbaed051904} has 
been referenced but does not exist, replaced by a fixed one

pdfTeX warning (dest): name{classpbtree} has been referenced but does not exist
, replaced by a fixed one

{D:/Softwares/CTEX/MiKTeX/fonts/enc/dvips/fontname/8r.enc}<D:/Softwares/CTEX/Mi
KTeX/fonts/type1/public/amsfonts/cm/cmmi10.pfb><D:/Softwares/CTEX/MiKTeX/fonts/
type1/public/amsfonts/cm/cmmi7.pfb><D:/Softwares/CTEX/MiKTeX/fonts/type1/public
/amsfonts/cm/cmmi8.pfb><D:/Softwares/CTEX/MiKTeX/fonts/type1/public/amsfonts/cm
/cmmi9.pfb><D:/Softwares/CTEX/MiKTeX/fonts/type1/public/amsfonts/cm/cmsy10.pfb>
<D:/Softwares/CTEX/MiKTeX/fonts/type1/public/amsfonts/cm/cmsy7.pfb><D:/Software
s/CTEX/MiKTeX/fonts/type1/public/amsfonts/cm/cmsy8.pfb><D:/Softwares/CTEX/MiKTe
X/fonts/type1/urw/courier/ucrb8a.pfb><D:/Softwares/CTEX/MiKTeX/fonts/type1/urw/
courier/ucrr8a.pfb><D:/Softwares/CTEX/MiKTeX/fonts/type1/urw/courier/ucrro8a.pf
b><D:/Softwares/CTEX/MiKTeX/fonts/type1/urw/helvetic/uhvb8a.pfb><D:/Softwares/C
TEX/MiKTeX/fonts/type1/urw/helvetic/uhvb8ac.pfb><D:/Softwares/CTEX/MiKTeX/fonts
/type1/urw/helvetic/uhvr8a.pfb><D:/Softwares/CTEX/MiKTeX/fonts/type1/urw/helvet
ic/uhvro8a.pfb>
Output written on refman.pdf (390 pages, 3269785 bytes).
PDF statistics:
 16732 PDF objects out of 18468 (max. 8388607)
 3259 named destinations out of 3580 (max. 500000)
 10050 words of extra memory for PDF output out of 12000 (max. 10000000)

